[[34m2024-09-21T23:27:38.485+0300[0m] {[34mtriggerer_job_runner.py:[0m171} INFO[0m - Setting up TriggererHandlerWrapper with handler <FileTaskHandler (NOTSET)>[0m
[[34m2024-09-21T23:27:38.487+0300[0m] {[34mtriggerer_job_runner.py:[0m227} INFO[0m - Setting up logging queue listener with handlers [<RedirectStdHandler <stdout> (NOTSET)>, <NonCachingFileHandler /home/amir/MlOps/services/airflow/logs/triggerer.log (NOTSET)>, <TriggererHandlerWrapper (NOTSET)>][0m
[[34m2024-09-21T23:27:38.503+0300[0m] {[34mtriggerer_job_runner.py:[0m324} INFO[0m - Starting the triggerer[0m
[[34m2024-09-21T23:27:41.942+0300[0m] {[34mserve_logs.py:[0m83} WARNING[0m - The Authorization header is missing: Host: localhost:8794
Connection: keep-alive
Sec-Ch-Ua: "Chromium";v="128", "Not;A=Brand";v="24", "Google Chrome";v="128"
Sec-Ch-Ua-Mobile: ?0
Sec-Ch-Ua-Platform: "Windows"
Upgrade-Insecure-Requests: 1
User-Agent: Mozilla/5.0 (Windows NT 10.0; Win64; x64) AppleWebKit/537.36 (KHTML, like Gecko) Chrome/128.0.0.0 Safari/537.36
Accept: text/html,application/xhtml+xml,application/xml;q=0.9,image/avif,image/webp,image/apng,*/*;q=0.8,application/signed-exchange;v=b3;q=0.7
Sec-Fetch-Site: none
Sec-Fetch-Mode: navigate
Sec-Fetch-User: ?1
Sec-Fetch-Dest: document
Accept-Encoding: gzip, deflate, br, zstd
Accept-Language: ru-RU,ru;q=0.9,en-US;q=0.8,en;q=0.7
Cookie: Pycharm-c57b529b=b2dae10a-21a2-4cf3-b046-974b859022bf; username-localhost-8888="2|1:0|10:1724753520|23:username-localhost-8888|192:eyJ1c2VybmFtZSI6ICI1NmUxYTkzOGViNDg0ZTViYjg0ZTM4NWNjNmIxNDdmMyIsICJuYW1lIjogIkFub255bW91cyBIZXJzZSIsICJkaXNwbGF5X25hbWUiOiAiQW5vbnltb3VzIEhlcnNlIiwgImluaXRpYWxzIjogIkFIIiwgImNvbG9yIjogbnVsbH0=|310f29f1a91fa1f447d705de6d4d852b88aeb0084076b4c0560f3726003bba4d"; _xsrf=2|0d73097b|1d6a70367e248aced8a61fef940e1046|1724753520; session=26c85c3e-2bc6-4bca-9628-6b5737b65f28.JuR895cAYEKhN0dvznkKi64Zgbg

.[0m
[[34m2024-09-21T23:27:41.944+0300[0m] {[34mserve_logs.py:[0m127} WARNING[0m - Unknown error[0m
Traceback (most recent call last):
  File "/home/amir/MlOps/.venv/lib/python3.11/site-packages/airflow/utils/serve_logs.py", line 84, in validate_pre_signed_url
    abort(403)
  File "/home/amir/MlOps/.venv/lib/python3.11/site-packages/flask/helpers.py", line 310, in abort
    current_app.aborter(code, *args, **kwargs)
  File "/home/amir/MlOps/.venv/lib/python3.11/site-packages/werkzeug/exceptions.py", line 864, in __call__
    raise self.mapping[code](*args, **kwargs)
werkzeug.exceptions.Forbidden: 403 Forbidden: You don't have the permission to access the requested resource. It is either read-protected or not readable by the server.[0m
[[34m2024-09-21T23:27:42.024+0300[0m] {[34mserve_logs.py:[0m83} WARNING[0m - The Authorization header is missing: Host: localhost:8794
Connection: keep-alive
Sec-Ch-Ua: "Chromium";v="128", "Not;A=Brand";v="24", "Google Chrome";v="128"
Sec-Ch-Ua-Mobile: ?0
User-Agent: Mozilla/5.0 (Windows NT 10.0; Win64; x64) AppleWebKit/537.36 (KHTML, like Gecko) Chrome/128.0.0.0 Safari/537.36
Sec-Ch-Ua-Platform: "Windows"
Accept: image/avif,image/webp,image/apng,image/svg+xml,image/*,*/*;q=0.8
Sec-Fetch-Site: same-origin
Sec-Fetch-Mode: no-cors
Sec-Fetch-Dest: image
Referer: http://localhost:8794/
Accept-Encoding: gzip, deflate, br, zstd
Accept-Language: ru-RU,ru;q=0.9,en-US;q=0.8,en;q=0.7
Cookie: Pycharm-c57b529b=b2dae10a-21a2-4cf3-b046-974b859022bf; username-localhost-8888="2|1:0|10:1724753520|23:username-localhost-8888|192:eyJ1c2VybmFtZSI6ICI1NmUxYTkzOGViNDg0ZTViYjg0ZTM4NWNjNmIxNDdmMyIsICJuYW1lIjogIkFub255bW91cyBIZXJzZSIsICJkaXNwbGF5X25hbWUiOiAiQW5vbnltb3VzIEhlcnNlIiwgImluaXRpYWxzIjogIkFIIiwgImNvbG9yIjogbnVsbH0=|310f29f1a91fa1f447d705de6d4d852b88aeb0084076b4c0560f3726003bba4d"; _xsrf=2|0d73097b|1d6a70367e248aced8a61fef940e1046|1724753520; session=26c85c3e-2bc6-4bca-9628-6b5737b65f28.JuR895cAYEKhN0dvznkKi64Zgbg

.[0m
[[34m2024-09-21T23:27:42.025+0300[0m] {[34mserve_logs.py:[0m127} WARNING[0m - Unknown error[0m
Traceback (most recent call last):
  File "/home/amir/MlOps/.venv/lib/python3.11/site-packages/airflow/utils/serve_logs.py", line 84, in validate_pre_signed_url
    abort(403)
  File "/home/amir/MlOps/.venv/lib/python3.11/site-packages/flask/helpers.py", line 310, in abort
    current_app.aborter(code, *args, **kwargs)
  File "/home/amir/MlOps/.venv/lib/python3.11/site-packages/werkzeug/exceptions.py", line 864, in __call__
    raise self.mapping[code](*args, **kwargs)
werkzeug.exceptions.Forbidden: 403 Forbidden: You don't have the permission to access the requested resource. It is either read-protected or not readable by the server.[0m
[[34m2024-09-21T23:28:38.567+0300[0m] {[34mtriggerer_job_runner.py:[0m474} INFO[0m - 0 triggers currently running[0m
[[34m2024-09-21T23:29:38.635+0300[0m] {[34mtriggerer_job_runner.py:[0m474} INFO[0m - 0 triggers currently running[0m
[[34m2024-09-21T23:30:38.697+0300[0m] {[34mtriggerer_job_runner.py:[0m474} INFO[0m - 0 triggers currently running[0m
[[34m2024-09-21T23:31:38.761+0300[0m] {[34mtriggerer_job_runner.py:[0m474} INFO[0m - 0 triggers currently running[0m
[[34m2024-09-21T23:32:38.818+0300[0m] {[34mtriggerer_job_runner.py:[0m474} INFO[0m - 0 triggers currently running[0m
[[34m2024-09-21T23:33:38.883+0300[0m] {[34mtriggerer_job_runner.py:[0m474} INFO[0m - 0 triggers currently running[0m
[[34m2024-09-21T23:34:38.944+0300[0m] {[34mtriggerer_job_runner.py:[0m474} INFO[0m - 0 triggers currently running[0m
[[34m2024-09-21T23:35:39.006+0300[0m] {[34mtriggerer_job_runner.py:[0m474} INFO[0m - 0 triggers currently running[0m
[[34m2024-09-21T23:36:39.066+0300[0m] {[34mtriggerer_job_runner.py:[0m474} INFO[0m - 0 triggers currently running[0m
[[34m2024-09-21T23:37:39.123+0300[0m] {[34mtriggerer_job_runner.py:[0m474} INFO[0m - 0 triggers currently running[0m
[[34m2024-09-21T23:38:39.189+0300[0m] {[34mtriggerer_job_runner.py:[0m474} INFO[0m - 0 triggers currently running[0m
[[34m2024-09-21T23:39:39.247+0300[0m] {[34mtriggerer_job_runner.py:[0m474} INFO[0m - 0 triggers currently running[0m
[[34m2024-09-21T23:40:39.309+0300[0m] {[34mtriggerer_job_runner.py:[0m474} INFO[0m - 0 triggers currently running[0m
[[34m2024-09-21T23:41:39.376+0300[0m] {[34mtriggerer_job_runner.py:[0m474} INFO[0m - 0 triggers currently running[0m
[[34m2024-09-21T23:42:39.439+0300[0m] {[34mtriggerer_job_runner.py:[0m474} INFO[0m - 0 triggers currently running[0m
[[34m2024-09-21T23:43:39.510+0300[0m] {[34mtriggerer_job_runner.py:[0m474} INFO[0m - 0 triggers currently running[0m
[[34m2024-09-21T23:44:39.576+0300[0m] {[34mtriggerer_job_runner.py:[0m474} INFO[0m - 0 triggers currently running[0m
[[34m2024-09-21T23:45:39.638+0300[0m] {[34mtriggerer_job_runner.py:[0m474} INFO[0m - 0 triggers currently running[0m
[[34m2024-09-21T23:46:39.704+0300[0m] {[34mtriggerer_job_runner.py:[0m474} INFO[0m - 0 triggers currently running[0m
[[34m2024-09-21T23:47:39.766+0300[0m] {[34mtriggerer_job_runner.py:[0m474} INFO[0m - 0 triggers currently running[0m
[[34m2024-09-21T23:48:39.822+0300[0m] {[34mtriggerer_job_runner.py:[0m474} INFO[0m - 0 triggers currently running[0m
[[34m2024-09-21T23:49:39.891+0300[0m] {[34mtriggerer_job_runner.py:[0m474} INFO[0m - 0 triggers currently running[0m
[[34m2024-09-21T23:50:39.959+0300[0m] {[34mtriggerer_job_runner.py:[0m474} INFO[0m - 0 triggers currently running[0m
[[34m2024-09-21T23:51:40.021+0300[0m] {[34mtriggerer_job_runner.py:[0m474} INFO[0m - 0 triggers currently running[0m
[[34m2024-09-21T23:52:40.093+0300[0m] {[34mtriggerer_job_runner.py:[0m474} INFO[0m - 0 triggers currently running[0m
[[34m2024-09-21T23:53:40.150+0300[0m] {[34mtriggerer_job_runner.py:[0m474} INFO[0m - 0 triggers currently running[0m
[[34m2024-09-21T23:54:40.210+0300[0m] {[34mtriggerer_job_runner.py:[0m474} INFO[0m - 0 triggers currently running[0m
[[34m2024-09-21T23:55:40.279+0300[0m] {[34mtriggerer_job_runner.py:[0m474} INFO[0m - 0 triggers currently running[0m
[[34m2024-09-21T23:56:40.337+0300[0m] {[34mtriggerer_job_runner.py:[0m474} INFO[0m - 0 triggers currently running[0m
[[34m2024-09-21T23:57:40.397+0300[0m] {[34mtriggerer_job_runner.py:[0m474} INFO[0m - 0 triggers currently running[0m
[[34m2024-09-21T23:58:40.457+0300[0m] {[34mtriggerer_job_runner.py:[0m474} INFO[0m - 0 triggers currently running[0m
[[34m2024-09-21T23:59:40.521+0300[0m] {[34mtriggerer_job_runner.py:[0m474} INFO[0m - 0 triggers currently running[0m
[[34m2024-09-22T00:00:40.570+0300[0m] {[34mtriggerer_job_runner.py:[0m474} INFO[0m - 0 triggers currently running[0m
[[34m2024-09-22T00:01:40.622+0300[0m] {[34mtriggerer_job_runner.py:[0m474} INFO[0m - 0 triggers currently running[0m
[[34m2024-09-22T00:02:40.686+0300[0m] {[34mtriggerer_job_runner.py:[0m474} INFO[0m - 0 triggers currently running[0m
[[34m2024-09-22T00:03:40.754+0300[0m] {[34mtriggerer_job_runner.py:[0m474} INFO[0m - 0 triggers currently running[0m
[[34m2024-09-22T00:04:40.811+0300[0m] {[34mtriggerer_job_runner.py:[0m474} INFO[0m - 0 triggers currently running[0m
[[34m2024-09-22T00:05:40.879+0300[0m] {[34mtriggerer_job_runner.py:[0m474} INFO[0m - 0 triggers currently running[0m
[[34m2024-09-22T00:06:40.941+0300[0m] {[34mtriggerer_job_runner.py:[0m474} INFO[0m - 0 triggers currently running[0m
[[34m2024-09-22T00:07:41.002+0300[0m] {[34mtriggerer_job_runner.py:[0m474} INFO[0m - 0 triggers currently running[0m
[[34m2024-09-22T00:08:41.062+0300[0m] {[34mtriggerer_job_runner.py:[0m474} INFO[0m - 0 triggers currently running[0m
[[34m2024-09-22T00:09:41.131+0300[0m] {[34mtriggerer_job_runner.py:[0m474} INFO[0m - 0 triggers currently running[0m
[[34m2024-09-22T00:10:41.191+0300[0m] {[34mtriggerer_job_runner.py:[0m474} INFO[0m - 0 triggers currently running[0m
[[34m2024-09-22T00:11:41.252+0300[0m] {[34mtriggerer_job_runner.py:[0m474} INFO[0m - 0 triggers currently running[0m
[[34m2024-09-22T00:12:41.311+0300[0m] {[34mtriggerer_job_runner.py:[0m474} INFO[0m - 0 triggers currently running[0m
[[34m2024-09-22T00:13:41.372+0300[0m] {[34mtriggerer_job_runner.py:[0m474} INFO[0m - 0 triggers currently running[0m
[[34m2024-09-22T00:14:41.430+0300[0m] {[34mtriggerer_job_runner.py:[0m474} INFO[0m - 0 triggers currently running[0m
[[34m2024-09-22T00:15:41.492+0300[0m] {[34mtriggerer_job_runner.py:[0m474} INFO[0m - 0 triggers currently running[0m
[[34m2024-09-22T00:16:41.553+0300[0m] {[34mtriggerer_job_runner.py:[0m474} INFO[0m - 0 triggers currently running[0m
[[34m2024-09-22T00:17:41.618+0300[0m] {[34mtriggerer_job_runner.py:[0m474} INFO[0m - 0 triggers currently running[0m
[[34m2024-09-22T00:18:41.688+0300[0m] {[34mtriggerer_job_runner.py:[0m474} INFO[0m - 0 triggers currently running[0m
[[34m2024-09-22T00:19:41.755+0300[0m] {[34mtriggerer_job_runner.py:[0m474} INFO[0m - 0 triggers currently running[0m
[[34m2024-09-22T00:20:41.814+0300[0m] {[34mtriggerer_job_runner.py:[0m474} INFO[0m - 0 triggers currently running[0m
[[34m2024-09-22T00:21:41.879+0300[0m] {[34mtriggerer_job_runner.py:[0m474} INFO[0m - 0 triggers currently running[0m
[[34m2024-09-22T00:22:41.938+0300[0m] {[34mtriggerer_job_runner.py:[0m474} INFO[0m - 0 triggers currently running[0m
[[34m2024-09-22T00:23:41.998+0300[0m] {[34mtriggerer_job_runner.py:[0m474} INFO[0m - 0 triggers currently running[0m
[[34m2024-09-22T00:24:42.067+0300[0m] {[34mtriggerer_job_runner.py:[0m474} INFO[0m - 0 triggers currently running[0m
[[34m2024-09-22T00:25:42.133+0300[0m] {[34mtriggerer_job_runner.py:[0m474} INFO[0m - 0 triggers currently running[0m
[[34m2024-09-22T00:26:42.196+0300[0m] {[34mtriggerer_job_runner.py:[0m474} INFO[0m - 0 triggers currently running[0m
[[34m2024-09-22T00:27:42.257+0300[0m] {[34mtriggerer_job_runner.py:[0m474} INFO[0m - 0 triggers currently running[0m
[[34m2024-09-22T00:28:42.316+0300[0m] {[34mtriggerer_job_runner.py:[0m474} INFO[0m - 0 triggers currently running[0m
[[34m2024-09-22T00:29:42.372+0300[0m] {[34mtriggerer_job_runner.py:[0m474} INFO[0m - 0 triggers currently running[0m
[[34m2024-09-22T00:30:42.428+0300[0m] {[34mtriggerer_job_runner.py:[0m474} INFO[0m - 0 triggers currently running[0m
[[34m2024-09-22T00:31:42.493+0300[0m] {[34mtriggerer_job_runner.py:[0m474} INFO[0m - 0 triggers currently running[0m
[[34m2024-09-22T00:32:42.557+0300[0m] {[34mtriggerer_job_runner.py:[0m474} INFO[0m - 0 triggers currently running[0m
[[34m2024-09-22T00:33:42.622+0300[0m] {[34mtriggerer_job_runner.py:[0m474} INFO[0m - 0 triggers currently running[0m
[[34m2024-09-22T00:34:42.687+0300[0m] {[34mtriggerer_job_runner.py:[0m474} INFO[0m - 0 triggers currently running[0m
[[34m2024-09-22T00:35:42.751+0300[0m] {[34mtriggerer_job_runner.py:[0m474} INFO[0m - 0 triggers currently running[0m
[[34m2024-09-22T00:36:42.808+0300[0m] {[34mtriggerer_job_runner.py:[0m474} INFO[0m - 0 triggers currently running[0m
[[34m2024-09-22T00:37:42.872+0300[0m] {[34mtriggerer_job_runner.py:[0m474} INFO[0m - 0 triggers currently running[0m
[[34m2024-09-22T00:38:42.932+0300[0m] {[34mtriggerer_job_runner.py:[0m474} INFO[0m - 0 triggers currently running[0m
[[34m2024-09-22T00:39:42.994+0300[0m] {[34mtriggerer_job_runner.py:[0m474} INFO[0m - 0 triggers currently running[0m
[[34m2024-09-22T00:40:43.062+0300[0m] {[34mtriggerer_job_runner.py:[0m474} INFO[0m - 0 triggers currently running[0m
[[34m2024-09-22T00:41:43.131+0300[0m] {[34mtriggerer_job_runner.py:[0m474} INFO[0m - 0 triggers currently running[0m
[[34m2024-09-22T00:42:43.196+0300[0m] {[34mtriggerer_job_runner.py:[0m474} INFO[0m - 0 triggers currently running[0m
[[34m2024-09-22T00:43:43.249+0300[0m] {[34mtriggerer_job_runner.py:[0m474} INFO[0m - 0 triggers currently running[0m
[[34m2024-09-22T00:44:43.313+0300[0m] {[34mtriggerer_job_runner.py:[0m474} INFO[0m - 0 triggers currently running[0m
[[34m2024-09-22T00:45:43.381+0300[0m] {[34mtriggerer_job_runner.py:[0m474} INFO[0m - 0 triggers currently running[0m
[[34m2024-09-22T00:46:43.447+0300[0m] {[34mtriggerer_job_runner.py:[0m474} INFO[0m - 0 triggers currently running[0m
[[34m2024-09-22T00:47:43.508+0300[0m] {[34mtriggerer_job_runner.py:[0m474} INFO[0m - 0 triggers currently running[0m
[[34m2024-09-22T00:48:43.569+0300[0m] {[34mtriggerer_job_runner.py:[0m474} INFO[0m - 0 triggers currently running[0m
[[34m2024-09-22T00:49:43.632+0300[0m] {[34mtriggerer_job_runner.py:[0m474} INFO[0m - 0 triggers currently running[0m
[[34m2024-09-22T00:50:43.688+0300[0m] {[34mtriggerer_job_runner.py:[0m474} INFO[0m - 0 triggers currently running[0m
[[34m2024-09-22T00:51:43.747+0300[0m] {[34mtriggerer_job_runner.py:[0m474} INFO[0m - 0 triggers currently running[0m
[[34m2024-09-22T00:52:43.808+0300[0m] {[34mtriggerer_job_runner.py:[0m474} INFO[0m - 0 triggers currently running[0m
[[34m2024-09-22T00:53:43.873+0300[0m] {[34mtriggerer_job_runner.py:[0m474} INFO[0m - 0 triggers currently running[0m
[[34m2024-09-22T00:54:43.931+0300[0m] {[34mtriggerer_job_runner.py:[0m474} INFO[0m - 0 triggers currently running[0m
[[34m2024-09-22T00:55:43.997+0300[0m] {[34mtriggerer_job_runner.py:[0m474} INFO[0m - 0 triggers currently running[0m
[[34m2024-09-22T00:56:44.063+0300[0m] {[34mtriggerer_job_runner.py:[0m474} INFO[0m - 0 triggers currently running[0m
[[34m2024-09-22T00:57:44.128+0300[0m] {[34mtriggerer_job_runner.py:[0m474} INFO[0m - 0 triggers currently running[0m
[[34m2024-09-22T00:58:44.192+0300[0m] {[34mtriggerer_job_runner.py:[0m474} INFO[0m - 0 triggers currently running[0m
[[34m2024-09-22T00:59:44.259+0300[0m] {[34mtriggerer_job_runner.py:[0m474} INFO[0m - 0 triggers currently running[0m
[[34m2024-09-22T01:00:44.323+0300[0m] {[34mtriggerer_job_runner.py:[0m474} INFO[0m - 0 triggers currently running[0m
[[34m2024-09-22T01:01:44.383+0300[0m] {[34mtriggerer_job_runner.py:[0m474} INFO[0m - 0 triggers currently running[0m
[[34m2024-09-22T01:02:44.442+0300[0m] {[34mtriggerer_job_runner.py:[0m474} INFO[0m - 0 triggers currently running[0m
[[34m2024-09-22T01:03:44.509+0300[0m] {[34mtriggerer_job_runner.py:[0m474} INFO[0m - 0 triggers currently running[0m
[[34m2024-09-22T01:04:44.572+0300[0m] {[34mtriggerer_job_runner.py:[0m474} INFO[0m - 0 triggers currently running[0m
[[34m2024-09-22T01:05:44.637+0300[0m] {[34mtriggerer_job_runner.py:[0m474} INFO[0m - 0 triggers currently running[0m
[[34m2024-09-22T01:06:44.698+0300[0m] {[34mtriggerer_job_runner.py:[0m474} INFO[0m - 0 triggers currently running[0m
[[34m2024-09-22T01:07:44.762+0300[0m] {[34mtriggerer_job_runner.py:[0m474} INFO[0m - 0 triggers currently running[0m
[[34m2024-09-22T01:08:44.824+0300[0m] {[34mtriggerer_job_runner.py:[0m474} INFO[0m - 0 triggers currently running[0m
[[34m2024-09-22T01:09:44.880+0300[0m] {[34mtriggerer_job_runner.py:[0m474} INFO[0m - 0 triggers currently running[0m
[[34m2024-09-22T01:10:44.945+0300[0m] {[34mtriggerer_job_runner.py:[0m474} INFO[0m - 0 triggers currently running[0m
[[34m2024-09-22T01:11:45.008+0300[0m] {[34mtriggerer_job_runner.py:[0m474} INFO[0m - 0 triggers currently running[0m
[[34m2024-09-22T01:12:45.071+0300[0m] {[34mtriggerer_job_runner.py:[0m474} INFO[0m - 0 triggers currently running[0m
[[34m2024-09-22T01:13:45.134+0300[0m] {[34mtriggerer_job_runner.py:[0m474} INFO[0m - 0 triggers currently running[0m
[[34m2024-09-22T01:14:45.197+0300[0m] {[34mtriggerer_job_runner.py:[0m474} INFO[0m - 0 triggers currently running[0m
[[34m2024-09-22T01:15:45.262+0300[0m] {[34mtriggerer_job_runner.py:[0m474} INFO[0m - 0 triggers currently running[0m
[[34m2024-09-22T01:16:45.326+0300[0m] {[34mtriggerer_job_runner.py:[0m474} INFO[0m - 0 triggers currently running[0m
[[34m2024-09-22T01:17:45.390+0300[0m] {[34mtriggerer_job_runner.py:[0m474} INFO[0m - 0 triggers currently running[0m
[[34m2024-09-22T01:18:45.450+0300[0m] {[34mtriggerer_job_runner.py:[0m474} INFO[0m - 0 triggers currently running[0m
[[34m2024-09-22T01:19:45.516+0300[0m] {[34mtriggerer_job_runner.py:[0m474} INFO[0m - 0 triggers currently running[0m
[[34m2024-09-22T01:20:45.580+0300[0m] {[34mtriggerer_job_runner.py:[0m474} INFO[0m - 0 triggers currently running[0m
[[34m2024-09-22T01:21:45.639+0300[0m] {[34mtriggerer_job_runner.py:[0m474} INFO[0m - 0 triggers currently running[0m
[[34m2024-09-22T01:22:45.702+0300[0m] {[34mtriggerer_job_runner.py:[0m474} INFO[0m - 0 triggers currently running[0m
[[34m2024-09-22T01:23:45.762+0300[0m] {[34mtriggerer_job_runner.py:[0m474} INFO[0m - 0 triggers currently running[0m
[[34m2024-09-22T01:24:45.824+0300[0m] {[34mtriggerer_job_runner.py:[0m474} INFO[0m - 0 triggers currently running[0m
[[34m2024-09-22T01:25:45.892+0300[0m] {[34mtriggerer_job_runner.py:[0m474} INFO[0m - 0 triggers currently running[0m
[[34m2024-09-22T01:26:45.953+0300[0m] {[34mtriggerer_job_runner.py:[0m474} INFO[0m - 0 triggers currently running[0m
[[34m2024-09-22T01:27:46.018+0300[0m] {[34mtriggerer_job_runner.py:[0m474} INFO[0m - 0 triggers currently running[0m
[[34m2024-09-22T01:28:46.082+0300[0m] {[34mtriggerer_job_runner.py:[0m474} INFO[0m - 0 triggers currently running[0m
[[34m2024-09-22T01:29:46.144+0300[0m] {[34mtriggerer_job_runner.py:[0m474} INFO[0m - 0 triggers currently running[0m
[[34m2024-09-22T01:30:46.210+0300[0m] {[34mtriggerer_job_runner.py:[0m474} INFO[0m - 0 triggers currently running[0m
[[34m2024-09-22T01:31:46.280+0300[0m] {[34mtriggerer_job_runner.py:[0m474} INFO[0m - 0 triggers currently running[0m
[[34m2024-09-22T01:32:46.346+0300[0m] {[34mtriggerer_job_runner.py:[0m474} INFO[0m - 0 triggers currently running[0m
[[34m2024-09-22T01:33:46.409+0300[0m] {[34mtriggerer_job_runner.py:[0m474} INFO[0m - 0 triggers currently running[0m
[[34m2024-09-22T01:34:46.473+0300[0m] {[34mtriggerer_job_runner.py:[0m474} INFO[0m - 0 triggers currently running[0m
[[34m2024-09-22T01:35:46.534+0300[0m] {[34mtriggerer_job_runner.py:[0m474} INFO[0m - 0 triggers currently running[0m
[[34m2024-09-22T01:36:46.599+0300[0m] {[34mtriggerer_job_runner.py:[0m474} INFO[0m - 0 triggers currently running[0m
[[34m2024-09-22T01:37:46.661+0300[0m] {[34mtriggerer_job_runner.py:[0m474} INFO[0m - 0 triggers currently running[0m
[[34m2024-09-22T01:38:46.720+0300[0m] {[34mtriggerer_job_runner.py:[0m474} INFO[0m - 0 triggers currently running[0m
[[34m2024-09-22T01:39:46.778+0300[0m] {[34mtriggerer_job_runner.py:[0m474} INFO[0m - 0 triggers currently running[0m
[[34m2024-09-22T01:40:46.835+0300[0m] {[34mtriggerer_job_runner.py:[0m474} INFO[0m - 0 triggers currently running[0m
[[34m2024-09-22T01:41:46.896+0300[0m] {[34mtriggerer_job_runner.py:[0m474} INFO[0m - 0 triggers currently running[0m
[[34m2024-09-22T01:42:46.953+0300[0m] {[34mtriggerer_job_runner.py:[0m474} INFO[0m - 0 triggers currently running[0m
[[34m2024-09-22T01:43:47.013+0300[0m] {[34mtriggerer_job_runner.py:[0m474} INFO[0m - 0 triggers currently running[0m
[[34m2024-09-22T01:44:47.072+0300[0m] {[34mtriggerer_job_runner.py:[0m474} INFO[0m - 0 triggers currently running[0m
[[34m2024-09-22T01:45:47.127+0300[0m] {[34mtriggerer_job_runner.py:[0m474} INFO[0m - 0 triggers currently running[0m
[[34m2024-09-22T01:46:47.181+0300[0m] {[34mtriggerer_job_runner.py:[0m474} INFO[0m - 0 triggers currently running[0m
[[34m2024-09-22T01:47:36.064+0300[0m] {[34mtriggerer_job_runner.py:[0m573} INFO[0m - Triggerer's async thread was blocked for 5.97 seconds, likely by a badly-written trigger. Set PYTHONASYNCIODEBUG=1 to get more information on overrunning coroutines.[0m
[[34m2024-09-22T12:06:38.722+0300[0m] {[34mtriggerer_job_runner.py:[0m474} INFO[0m - 0 triggers currently running[0m
[[34m2024-09-22T12:07:38.783+0300[0m] {[34mtriggerer_job_runner.py:[0m474} INFO[0m - 0 triggers currently running[0m
[[34m2024-09-22T12:08:38.845+0300[0m] {[34mtriggerer_job_runner.py:[0m474} INFO[0m - 0 triggers currently running[0m
[[34m2024-09-22T12:09:38.912+0300[0m] {[34mtriggerer_job_runner.py:[0m474} INFO[0m - 0 triggers currently running[0m
[[34m2024-09-22T12:10:38.966+0300[0m] {[34mtriggerer_job_runner.py:[0m474} INFO[0m - 0 triggers currently running[0m
[[34m2024-09-22T12:11:39.034+0300[0m] {[34mtriggerer_job_runner.py:[0m474} INFO[0m - 0 triggers currently running[0m
[[34m2024-09-22T12:12:39.099+0300[0m] {[34mtriggerer_job_runner.py:[0m474} INFO[0m - 0 triggers currently running[0m
[[34m2024-09-22T12:13:39.158+0300[0m] {[34mtriggerer_job_runner.py:[0m474} INFO[0m - 0 triggers currently running[0m
[[34m2024-09-22T12:14:39.230+0300[0m] {[34mtriggerer_job_runner.py:[0m474} INFO[0m - 0 triggers currently running[0m
[[34m2024-09-22T12:15:39.294+0300[0m] {[34mtriggerer_job_runner.py:[0m474} INFO[0m - 0 triggers currently running[0m
[[34m2024-09-22T12:16:39.368+0300[0m] {[34mtriggerer_job_runner.py:[0m474} INFO[0m - 0 triggers currently running[0m
[[34m2024-09-22T12:17:39.428+0300[0m] {[34mtriggerer_job_runner.py:[0m474} INFO[0m - 0 triggers currently running[0m
[[34m2024-09-22T12:18:39.497+0300[0m] {[34mtriggerer_job_runner.py:[0m474} INFO[0m - 0 triggers currently running[0m
[[34m2024-09-22T12:19:39.562+0300[0m] {[34mtriggerer_job_runner.py:[0m474} INFO[0m - 0 triggers currently running[0m
[[34m2024-09-22T12:20:39.632+0300[0m] {[34mtriggerer_job_runner.py:[0m474} INFO[0m - 0 triggers currently running[0m
[[34m2024-09-22T12:21:39.703+0300[0m] {[34mtriggerer_job_runner.py:[0m474} INFO[0m - 0 triggers currently running[0m
[[34m2024-09-22T12:22:39.769+0300[0m] {[34mtriggerer_job_runner.py:[0m474} INFO[0m - 0 triggers currently running[0m
[[34m2024-09-22T12:23:39.838+0300[0m] {[34mtriggerer_job_runner.py:[0m474} INFO[0m - 0 triggers currently running[0m
[[34m2024-09-22T12:24:39.906+0300[0m] {[34mtriggerer_job_runner.py:[0m474} INFO[0m - 0 triggers currently running[0m
[[34m2024-09-22T12:25:39.971+0300[0m] {[34mtriggerer_job_runner.py:[0m474} INFO[0m - 0 triggers currently running[0m
[[34m2024-09-22T12:26:40.034+0300[0m] {[34mtriggerer_job_runner.py:[0m474} INFO[0m - 0 triggers currently running[0m
[[34m2024-09-22T12:27:40.107+0300[0m] {[34mtriggerer_job_runner.py:[0m474} INFO[0m - 0 triggers currently running[0m
[[34m2024-09-22T12:28:40.175+0300[0m] {[34mtriggerer_job_runner.py:[0m474} INFO[0m - 0 triggers currently running[0m
[[34m2024-09-22T12:29:40.246+0300[0m] {[34mtriggerer_job_runner.py:[0m474} INFO[0m - 0 triggers currently running[0m
[[34m2024-09-22T12:30:40.311+0300[0m] {[34mtriggerer_job_runner.py:[0m474} INFO[0m - 0 triggers currently running[0m
[[34m2024-09-22T12:31:40.374+0300[0m] {[34mtriggerer_job_runner.py:[0m474} INFO[0m - 0 triggers currently running[0m
[[34m2024-09-22T12:32:40.441+0300[0m] {[34mtriggerer_job_runner.py:[0m474} INFO[0m - 0 triggers currently running[0m
[[34m2024-09-22T12:33:40.510+0300[0m] {[34mtriggerer_job_runner.py:[0m474} INFO[0m - 0 triggers currently running[0m
[[34m2024-09-22T12:34:40.577+0300[0m] {[34mtriggerer_job_runner.py:[0m474} INFO[0m - 0 triggers currently running[0m
[[34m2024-09-22T12:35:40.635+0300[0m] {[34mtriggerer_job_runner.py:[0m474} INFO[0m - 0 triggers currently running[0m
[[34m2024-09-22T12:36:40.694+0300[0m] {[34mtriggerer_job_runner.py:[0m474} INFO[0m - 0 triggers currently running[0m
[[34m2024-09-22T12:37:40.761+0300[0m] {[34mtriggerer_job_runner.py:[0m474} INFO[0m - 0 triggers currently running[0m
[[34m2024-09-22T12:38:40.819+0300[0m] {[34mtriggerer_job_runner.py:[0m474} INFO[0m - 0 triggers currently running[0m
[[34m2024-09-22T12:39:40.877+0300[0m] {[34mtriggerer_job_runner.py:[0m474} INFO[0m - 0 triggers currently running[0m
[[34m2024-09-22T12:40:40.944+0300[0m] {[34mtriggerer_job_runner.py:[0m474} INFO[0m - 0 triggers currently running[0m
[[34m2024-09-22T12:41:41.003+0300[0m] {[34mtriggerer_job_runner.py:[0m474} INFO[0m - 0 triggers currently running[0m
[[34m2024-09-22T12:42:30.503+0300[0m] {[34mtriggerer_job_runner.py:[0m573} INFO[0m - Triggerer's async thread was blocked for 5.76 seconds, likely by a badly-written trigger. Set PYTHONASYNCIODEBUG=1 to get more information on overrunning coroutines.[0m
[[34m2024-09-22T12:51:44.425+0300[0m] {[34mtriggerer_job_runner.py:[0m474} INFO[0m - 0 triggers currently running[0m
[[34m2024-09-22T12:52:44.488+0300[0m] {[34mtriggerer_job_runner.py:[0m474} INFO[0m - 0 triggers currently running[0m
[[34m2024-09-22T12:53:44.544+0300[0m] {[34mtriggerer_job_runner.py:[0m474} INFO[0m - 0 triggers currently running[0m
[[34m2024-09-22T12:54:44.608+0300[0m] {[34mtriggerer_job_runner.py:[0m474} INFO[0m - 0 triggers currently running[0m
[[34m2024-09-22T12:55:44.668+0300[0m] {[34mtriggerer_job_runner.py:[0m474} INFO[0m - 0 triggers currently running[0m
[[34m2024-09-22T12:56:44.735+0300[0m] {[34mtriggerer_job_runner.py:[0m474} INFO[0m - 0 triggers currently running[0m
[[34m2024-09-22T12:57:44.795+0300[0m] {[34mtriggerer_job_runner.py:[0m474} INFO[0m - 0 triggers currently running[0m
[[34m2024-09-22T12:58:44.852+0300[0m] {[34mtriggerer_job_runner.py:[0m474} INFO[0m - 0 triggers currently running[0m
[[34m2024-09-22T12:59:44.908+0300[0m] {[34mtriggerer_job_runner.py:[0m474} INFO[0m - 0 triggers currently running[0m
[[34m2024-09-22T13:00:44.974+0300[0m] {[34mtriggerer_job_runner.py:[0m474} INFO[0m - 0 triggers currently running[0m
[[34m2024-09-22T13:01:45.033+0300[0m] {[34mtriggerer_job_runner.py:[0m474} INFO[0m - 0 triggers currently running[0m
[[34m2024-09-22T13:02:45.092+0300[0m] {[34mtriggerer_job_runner.py:[0m474} INFO[0m - 0 triggers currently running[0m
[[34m2024-09-22T13:03:45.149+0300[0m] {[34mtriggerer_job_runner.py:[0m474} INFO[0m - 0 triggers currently running[0m
[[34m2024-09-22T13:04:45.210+0300[0m] {[34mtriggerer_job_runner.py:[0m474} INFO[0m - 0 triggers currently running[0m
[[34m2024-09-22T13:05:45.277+0300[0m] {[34mtriggerer_job_runner.py:[0m474} INFO[0m - 0 triggers currently running[0m
[[34m2024-09-22T13:06:45.330+0300[0m] {[34mtriggerer_job_runner.py:[0m474} INFO[0m - 0 triggers currently running[0m
[[34m2024-09-22T13:07:45.392+0300[0m] {[34mtriggerer_job_runner.py:[0m474} INFO[0m - 0 triggers currently running[0m
[[34m2024-09-22T13:08:45.460+0300[0m] {[34mtriggerer_job_runner.py:[0m474} INFO[0m - 0 triggers currently running[0m
[[34m2024-09-22T13:09:45.517+0300[0m] {[34mtriggerer_job_runner.py:[0m474} INFO[0m - 0 triggers currently running[0m
[[34m2024-09-22T13:10:45.576+0300[0m] {[34mtriggerer_job_runner.py:[0m474} INFO[0m - 0 triggers currently running[0m
[[34m2024-09-22T13:11:45.646+0300[0m] {[34mtriggerer_job_runner.py:[0m474} INFO[0m - 0 triggers currently running[0m
[[34m2024-09-22T13:12:45.716+0300[0m] {[34mtriggerer_job_runner.py:[0m474} INFO[0m - 0 triggers currently running[0m
[[34m2024-09-22T13:13:45.778+0300[0m] {[34mtriggerer_job_runner.py:[0m474} INFO[0m - 0 triggers currently running[0m
[[34m2024-09-22T13:14:45.837+0300[0m] {[34mtriggerer_job_runner.py:[0m474} INFO[0m - 0 triggers currently running[0m
[[34m2024-09-22T13:15:45.902+0300[0m] {[34mtriggerer_job_runner.py:[0m474} INFO[0m - 0 triggers currently running[0m
[[34m2024-09-22T13:16:45.960+0300[0m] {[34mtriggerer_job_runner.py:[0m474} INFO[0m - 0 triggers currently running[0m
[[34m2024-09-22T13:17:46.018+0300[0m] {[34mtriggerer_job_runner.py:[0m474} INFO[0m - 0 triggers currently running[0m
[[34m2024-09-22T13:18:46.085+0300[0m] {[34mtriggerer_job_runner.py:[0m474} INFO[0m - 0 triggers currently running[0m
[[34m2024-09-22T13:19:46.153+0300[0m] {[34mtriggerer_job_runner.py:[0m474} INFO[0m - 0 triggers currently running[0m
[[34m2024-09-22T13:20:46.212+0300[0m] {[34mtriggerer_job_runner.py:[0m474} INFO[0m - 0 triggers currently running[0m
[[34m2024-09-22T13:21:46.270+0300[0m] {[34mtriggerer_job_runner.py:[0m474} INFO[0m - 0 triggers currently running[0m
[[34m2024-09-22T13:22:46.333+0300[0m] {[34mtriggerer_job_runner.py:[0m474} INFO[0m - 0 triggers currently running[0m
[[34m2024-09-22T13:23:46.406+0300[0m] {[34mtriggerer_job_runner.py:[0m474} INFO[0m - 0 triggers currently running[0m
[[34m2024-09-22T13:24:46.478+0300[0m] {[34mtriggerer_job_runner.py:[0m474} INFO[0m - 0 triggers currently running[0m
[[34m2024-09-22T13:25:46.545+0300[0m] {[34mtriggerer_job_runner.py:[0m474} INFO[0m - 0 triggers currently running[0m
[[34m2024-09-22T13:26:46.609+0300[0m] {[34mtriggerer_job_runner.py:[0m474} INFO[0m - 0 triggers currently running[0m
[[34m2024-09-22T13:27:46.670+0300[0m] {[34mtriggerer_job_runner.py:[0m474} INFO[0m - 0 triggers currently running[0m
[[34m2024-09-22T13:28:46.732+0300[0m] {[34mtriggerer_job_runner.py:[0m474} INFO[0m - 0 triggers currently running[0m
[[34m2024-09-22T13:29:46.796+0300[0m] {[34mtriggerer_job_runner.py:[0m474} INFO[0m - 0 triggers currently running[0m
[[34m2024-09-22T13:30:46.858+0300[0m] {[34mtriggerer_job_runner.py:[0m474} INFO[0m - 0 triggers currently running[0m
[[34m2024-09-22T13:31:46.922+0300[0m] {[34mtriggerer_job_runner.py:[0m474} INFO[0m - 0 triggers currently running[0m
[[34m2024-09-22T13:32:46.983+0300[0m] {[34mtriggerer_job_runner.py:[0m474} INFO[0m - 0 triggers currently running[0m
[[34m2024-09-22T13:33:47.048+0300[0m] {[34mtriggerer_job_runner.py:[0m474} INFO[0m - 0 triggers currently running[0m
[[34m2024-09-22T13:34:47.112+0300[0m] {[34mtriggerer_job_runner.py:[0m474} INFO[0m - 0 triggers currently running[0m
[[34m2024-09-22T13:35:47.178+0300[0m] {[34mtriggerer_job_runner.py:[0m474} INFO[0m - 0 triggers currently running[0m
[[34m2024-09-22T13:36:47.244+0300[0m] {[34mtriggerer_job_runner.py:[0m474} INFO[0m - 0 triggers currently running[0m
[[34m2024-09-22T13:37:47.305+0300[0m] {[34mtriggerer_job_runner.py:[0m474} INFO[0m - 0 triggers currently running[0m
[[34m2024-09-22T13:38:47.358+0300[0m] {[34mtriggerer_job_runner.py:[0m474} INFO[0m - 0 triggers currently running[0m
[[34m2024-09-22T13:39:47.420+0300[0m] {[34mtriggerer_job_runner.py:[0m474} INFO[0m - 0 triggers currently running[0m
[[34m2024-09-22T13:40:47.481+0300[0m] {[34mtriggerer_job_runner.py:[0m474} INFO[0m - 0 triggers currently running[0m
[[34m2024-09-22T13:41:47.539+0300[0m] {[34mtriggerer_job_runner.py:[0m474} INFO[0m - 0 triggers currently running[0m
[[34m2024-09-22T13:42:47.592+0300[0m] {[34mtriggerer_job_runner.py:[0m474} INFO[0m - 0 triggers currently running[0m
[[34m2024-09-22T13:43:47.653+0300[0m] {[34mtriggerer_job_runner.py:[0m474} INFO[0m - 0 triggers currently running[0m
[[34m2024-09-22T13:44:47.715+0300[0m] {[34mtriggerer_job_runner.py:[0m474} INFO[0m - 0 triggers currently running[0m
[[34m2024-09-22T13:45:47.772+0300[0m] {[34mtriggerer_job_runner.py:[0m474} INFO[0m - 0 triggers currently running[0m
[[34m2024-09-22T13:46:47.837+0300[0m] {[34mtriggerer_job_runner.py:[0m474} INFO[0m - 0 triggers currently running[0m
[[34m2024-09-22T13:47:47.902+0300[0m] {[34mtriggerer_job_runner.py:[0m474} INFO[0m - 0 triggers currently running[0m
[[34m2024-09-22T13:48:47.966+0300[0m] {[34mtriggerer_job_runner.py:[0m474} INFO[0m - 0 triggers currently running[0m
[[34m2024-09-22T13:49:48.029+0300[0m] {[34mtriggerer_job_runner.py:[0m474} INFO[0m - 0 triggers currently running[0m
[[34m2024-09-22T13:50:48.094+0300[0m] {[34mtriggerer_job_runner.py:[0m474} INFO[0m - 0 triggers currently running[0m
[[34m2024-09-22T13:51:48.154+0300[0m] {[34mtriggerer_job_runner.py:[0m474} INFO[0m - 0 triggers currently running[0m
[[34m2024-09-22T13:52:48.214+0300[0m] {[34mtriggerer_job_runner.py:[0m474} INFO[0m - 0 triggers currently running[0m
[[34m2024-09-22T13:53:48.280+0300[0m] {[34mtriggerer_job_runner.py:[0m474} INFO[0m - 0 triggers currently running[0m
[[34m2024-09-22T13:54:48.344+0300[0m] {[34mtriggerer_job_runner.py:[0m474} INFO[0m - 0 triggers currently running[0m
[[34m2024-09-22T13:55:48.406+0300[0m] {[34mtriggerer_job_runner.py:[0m474} INFO[0m - 0 triggers currently running[0m
[[34m2024-09-22T13:56:48.463+0300[0m] {[34mtriggerer_job_runner.py:[0m474} INFO[0m - 0 triggers currently running[0m
[[34m2024-09-22T13:57:48.521+0300[0m] {[34mtriggerer_job_runner.py:[0m474} INFO[0m - 0 triggers currently running[0m
[[34m2024-09-22T13:58:48.579+0300[0m] {[34mtriggerer_job_runner.py:[0m474} INFO[0m - 0 triggers currently running[0m
[[34m2024-09-22T13:59:48.637+0300[0m] {[34mtriggerer_job_runner.py:[0m474} INFO[0m - 0 triggers currently running[0m
[[34m2024-09-22T14:00:48.691+0300[0m] {[34mtriggerer_job_runner.py:[0m474} INFO[0m - 0 triggers currently running[0m
[[34m2024-09-22T14:01:48.752+0300[0m] {[34mtriggerer_job_runner.py:[0m474} INFO[0m - 0 triggers currently running[0m
[[34m2024-09-22T14:02:48.810+0300[0m] {[34mtriggerer_job_runner.py:[0m474} INFO[0m - 0 triggers currently running[0m
[[34m2024-09-22T14:03:48.869+0300[0m] {[34mtriggerer_job_runner.py:[0m474} INFO[0m - 0 triggers currently running[0m
[[34m2024-09-22T14:04:48.934+0300[0m] {[34mtriggerer_job_runner.py:[0m474} INFO[0m - 0 triggers currently running[0m
[[34m2024-09-22T14:05:48.997+0300[0m] {[34mtriggerer_job_runner.py:[0m474} INFO[0m - 0 triggers currently running[0m
[[34m2024-09-22T14:06:49.055+0300[0m] {[34mtriggerer_job_runner.py:[0m474} INFO[0m - 0 triggers currently running[0m
[[34m2024-09-22T14:07:49.111+0300[0m] {[34mtriggerer_job_runner.py:[0m474} INFO[0m - 0 triggers currently running[0m
[[34m2024-09-22T14:08:49.171+0300[0m] {[34mtriggerer_job_runner.py:[0m474} INFO[0m - 0 triggers currently running[0m
[[34m2024-09-22T14:09:49.230+0300[0m] {[34mtriggerer_job_runner.py:[0m474} INFO[0m - 0 triggers currently running[0m
[[34m2024-09-22T14:10:49.284+0300[0m] {[34mtriggerer_job_runner.py:[0m474} INFO[0m - 0 triggers currently running[0m
[[34m2024-09-22T14:11:49.345+0300[0m] {[34mtriggerer_job_runner.py:[0m474} INFO[0m - 0 triggers currently running[0m
[[34m2024-09-22T14:12:49.400+0300[0m] {[34mtriggerer_job_runner.py:[0m474} INFO[0m - 0 triggers currently running[0m
[[34m2024-09-22T14:13:49.463+0300[0m] {[34mtriggerer_job_runner.py:[0m474} INFO[0m - 0 triggers currently running[0m
[[34m2024-09-22T14:14:49.525+0300[0m] {[34mtriggerer_job_runner.py:[0m474} INFO[0m - 0 triggers currently running[0m
[[34m2024-09-22T14:15:49.584+0300[0m] {[34mtriggerer_job_runner.py:[0m474} INFO[0m - 0 triggers currently running[0m
[[34m2024-09-22T14:16:49.650+0300[0m] {[34mtriggerer_job_runner.py:[0m474} INFO[0m - 0 triggers currently running[0m
[[34m2024-09-22T14:17:49.710+0300[0m] {[34mtriggerer_job_runner.py:[0m474} INFO[0m - 0 triggers currently running[0m
[[34m2024-09-22T14:18:49.764+0300[0m] {[34mtriggerer_job_runner.py:[0m474} INFO[0m - 0 triggers currently running[0m
[[34m2024-09-22T14:19:49.837+0300[0m] {[34mtriggerer_job_runner.py:[0m474} INFO[0m - 0 triggers currently running[0m
[[34m2024-09-22T14:20:49.894+0300[0m] {[34mtriggerer_job_runner.py:[0m474} INFO[0m - 0 triggers currently running[0m
[[34m2024-09-22T14:21:49.955+0300[0m] {[34mtriggerer_job_runner.py:[0m474} INFO[0m - 0 triggers currently running[0m
[[34m2024-09-22T14:22:50.012+0300[0m] {[34mtriggerer_job_runner.py:[0m474} INFO[0m - 0 triggers currently running[0m
[[34m2024-09-22T14:23:50.066+0300[0m] {[34mtriggerer_job_runner.py:[0m474} INFO[0m - 0 triggers currently running[0m
[[34m2024-09-22T14:24:50.125+0300[0m] {[34mtriggerer_job_runner.py:[0m474} INFO[0m - 0 triggers currently running[0m
[[34m2024-09-22T14:25:50.184+0300[0m] {[34mtriggerer_job_runner.py:[0m474} INFO[0m - 0 triggers currently running[0m
[[34m2024-09-22T14:26:50.251+0300[0m] {[34mtriggerer_job_runner.py:[0m474} INFO[0m - 0 triggers currently running[0m
[[34m2024-09-22T14:27:50.317+0300[0m] {[34mtriggerer_job_runner.py:[0m474} INFO[0m - 0 triggers currently running[0m
[[34m2024-09-22T14:28:50.380+0300[0m] {[34mtriggerer_job_runner.py:[0m474} INFO[0m - 0 triggers currently running[0m
[[34m2024-09-22T14:29:50.442+0300[0m] {[34mtriggerer_job_runner.py:[0m474} INFO[0m - 0 triggers currently running[0m
[[34m2024-09-22T14:30:50.501+0300[0m] {[34mtriggerer_job_runner.py:[0m474} INFO[0m - 0 triggers currently running[0m
[[34m2024-09-22T14:31:50.556+0300[0m] {[34mtriggerer_job_runner.py:[0m474} INFO[0m - 0 triggers currently running[0m
[[34m2024-09-22T14:32:50.618+0300[0m] {[34mtriggerer_job_runner.py:[0m474} INFO[0m - 0 triggers currently running[0m
[[34m2024-09-22T14:33:50.680+0300[0m] {[34mtriggerer_job_runner.py:[0m474} INFO[0m - 0 triggers currently running[0m
[[34m2024-09-22T14:34:50.740+0300[0m] {[34mtriggerer_job_runner.py:[0m474} INFO[0m - 0 triggers currently running[0m
[[34m2024-09-22T14:35:50.803+0300[0m] {[34mtriggerer_job_runner.py:[0m474} INFO[0m - 0 triggers currently running[0m
[[34m2024-09-22T14:36:50.862+0300[0m] {[34mtriggerer_job_runner.py:[0m474} INFO[0m - 0 triggers currently running[0m
[[34m2024-09-22T14:37:50.919+0300[0m] {[34mtriggerer_job_runner.py:[0m474} INFO[0m - 0 triggers currently running[0m
[[34m2024-09-22T14:38:50.976+0300[0m] {[34mtriggerer_job_runner.py:[0m474} INFO[0m - 0 triggers currently running[0m
[[34m2024-09-22T14:39:51.030+0300[0m] {[34mtriggerer_job_runner.py:[0m474} INFO[0m - 0 triggers currently running[0m
[[34m2024-09-22T14:40:51.088+0300[0m] {[34mtriggerer_job_runner.py:[0m474} INFO[0m - 0 triggers currently running[0m
[[34m2024-09-22T14:41:51.147+0300[0m] {[34mtriggerer_job_runner.py:[0m474} INFO[0m - 0 triggers currently running[0m
[[34m2024-09-22T14:42:51.202+0300[0m] {[34mtriggerer_job_runner.py:[0m474} INFO[0m - 0 triggers currently running[0m
[[34m2024-09-22T14:43:51.270+0300[0m] {[34mtriggerer_job_runner.py:[0m474} INFO[0m - 0 triggers currently running[0m
[[34m2024-09-22T14:44:51.326+0300[0m] {[34mtriggerer_job_runner.py:[0m474} INFO[0m - 0 triggers currently running[0m
[[34m2024-09-22T14:45:51.383+0300[0m] {[34mtriggerer_job_runner.py:[0m474} INFO[0m - 0 triggers currently running[0m
[[34m2024-09-22T14:46:51.438+0300[0m] {[34mtriggerer_job_runner.py:[0m474} INFO[0m - 0 triggers currently running[0m
[[34m2024-09-22T14:47:51.493+0300[0m] {[34mtriggerer_job_runner.py:[0m474} INFO[0m - 0 triggers currently running[0m
[[34m2024-09-22T14:48:51.555+0300[0m] {[34mtriggerer_job_runner.py:[0m474} INFO[0m - 0 triggers currently running[0m
[[34m2024-09-22T14:49:51.615+0300[0m] {[34mtriggerer_job_runner.py:[0m474} INFO[0m - 0 triggers currently running[0m
[[34m2024-09-22T14:50:51.676+0300[0m] {[34mtriggerer_job_runner.py:[0m474} INFO[0m - 0 triggers currently running[0m
[[34m2024-09-22T14:51:51.736+0300[0m] {[34mtriggerer_job_runner.py:[0m474} INFO[0m - 0 triggers currently running[0m
[[34m2024-09-22T14:52:51.795+0300[0m] {[34mtriggerer_job_runner.py:[0m474} INFO[0m - 0 triggers currently running[0m
[[34m2024-09-22T14:53:51.861+0300[0m] {[34mtriggerer_job_runner.py:[0m474} INFO[0m - 0 triggers currently running[0m
[[34m2024-09-22T14:54:51.927+0300[0m] {[34mtriggerer_job_runner.py:[0m474} INFO[0m - 0 triggers currently running[0m
[[34m2024-09-22T14:55:51.993+0300[0m] {[34mtriggerer_job_runner.py:[0m474} INFO[0m - 0 triggers currently running[0m
[[34m2024-09-22T14:56:52.055+0300[0m] {[34mtriggerer_job_runner.py:[0m474} INFO[0m - 0 triggers currently running[0m
[[34m2024-09-22T14:57:52.125+0300[0m] {[34mtriggerer_job_runner.py:[0m474} INFO[0m - 0 triggers currently running[0m
[[34m2024-09-22T14:58:52.191+0300[0m] {[34mtriggerer_job_runner.py:[0m474} INFO[0m - 0 triggers currently running[0m
[[34m2024-09-22T14:59:52.250+0300[0m] {[34mtriggerer_job_runner.py:[0m474} INFO[0m - 0 triggers currently running[0m
[[34m2024-09-22T15:00:52.316+0300[0m] {[34mtriggerer_job_runner.py:[0m474} INFO[0m - 0 triggers currently running[0m
[[34m2024-09-22T15:01:52.379+0300[0m] {[34mtriggerer_job_runner.py:[0m474} INFO[0m - 0 triggers currently running[0m
[[34m2024-09-22T15:02:52.440+0300[0m] {[34mtriggerer_job_runner.py:[0m474} INFO[0m - 0 triggers currently running[0m
[[34m2024-09-22T15:03:52.514+0300[0m] {[34mtriggerer_job_runner.py:[0m474} INFO[0m - 0 triggers currently running[0m
[[34m2024-09-22T15:04:52.579+0300[0m] {[34mtriggerer_job_runner.py:[0m474} INFO[0m - 0 triggers currently running[0m
[[34m2024-09-22T15:05:52.639+0300[0m] {[34mtriggerer_job_runner.py:[0m474} INFO[0m - 0 triggers currently running[0m
[[34m2024-09-22T15:06:52.703+0300[0m] {[34mtriggerer_job_runner.py:[0m474} INFO[0m - 0 triggers currently running[0m
[[34m2024-09-22T15:07:52.766+0300[0m] {[34mtriggerer_job_runner.py:[0m474} INFO[0m - 0 triggers currently running[0m
[[34m2024-09-22T15:08:52.828+0300[0m] {[34mtriggerer_job_runner.py:[0m474} INFO[0m - 0 triggers currently running[0m
[[34m2024-09-22T15:09:52.899+0300[0m] {[34mtriggerer_job_runner.py:[0m474} INFO[0m - 0 triggers currently running[0m
[[34m2024-09-22T15:10:52.961+0300[0m] {[34mtriggerer_job_runner.py:[0m474} INFO[0m - 0 triggers currently running[0m
[[34m2024-09-22T15:11:53.024+0300[0m] {[34mtriggerer_job_runner.py:[0m474} INFO[0m - 0 triggers currently running[0m
[[34m2024-09-22T15:12:53.089+0300[0m] {[34mtriggerer_job_runner.py:[0m474} INFO[0m - 0 triggers currently running[0m
[[34m2024-09-22T15:13:53.155+0300[0m] {[34mtriggerer_job_runner.py:[0m474} INFO[0m - 0 triggers currently running[0m
[[34m2024-09-22T15:14:53.219+0300[0m] {[34mtriggerer_job_runner.py:[0m474} INFO[0m - 0 triggers currently running[0m
[[34m2024-09-22T15:15:53.284+0300[0m] {[34mtriggerer_job_runner.py:[0m474} INFO[0m - 0 triggers currently running[0m
[[34m2024-09-22T15:16:53.345+0300[0m] {[34mtriggerer_job_runner.py:[0m474} INFO[0m - 0 triggers currently running[0m
[[34m2024-09-22T15:17:53.405+0300[0m] {[34mtriggerer_job_runner.py:[0m474} INFO[0m - 0 triggers currently running[0m
[[34m2024-09-22T15:18:53.458+0300[0m] {[34mtriggerer_job_runner.py:[0m474} INFO[0m - 0 triggers currently running[0m
[[34m2024-09-22T15:19:53.520+0300[0m] {[34mtriggerer_job_runner.py:[0m474} INFO[0m - 0 triggers currently running[0m
[[34m2024-09-22T15:20:53.587+0300[0m] {[34mtriggerer_job_runner.py:[0m474} INFO[0m - 0 triggers currently running[0m
[[34m2024-09-22T15:21:53.652+0300[0m] {[34mtriggerer_job_runner.py:[0m474} INFO[0m - 0 triggers currently running[0m
[[34m2024-09-22T15:22:53.713+0300[0m] {[34mtriggerer_job_runner.py:[0m474} INFO[0m - 0 triggers currently running[0m
[[34m2024-09-22T15:23:53.780+0300[0m] {[34mtriggerer_job_runner.py:[0m474} INFO[0m - 0 triggers currently running[0m
[[34m2024-09-22T15:24:53.831+0300[0m] {[34mtriggerer_job_runner.py:[0m474} INFO[0m - 0 triggers currently running[0m
[[34m2024-09-22T15:25:53.891+0300[0m] {[34mtriggerer_job_runner.py:[0m474} INFO[0m - 0 triggers currently running[0m
[[34m2024-09-22T15:26:53.950+0300[0m] {[34mtriggerer_job_runner.py:[0m474} INFO[0m - 0 triggers currently running[0m
[[34m2024-09-22T15:27:54.006+0300[0m] {[34mtriggerer_job_runner.py:[0m474} INFO[0m - 0 triggers currently running[0m
[[34m2024-09-22T15:28:54.064+0300[0m] {[34mtriggerer_job_runner.py:[0m474} INFO[0m - 0 triggers currently running[0m
[[34m2024-09-22T15:29:54.124+0300[0m] {[34mtriggerer_job_runner.py:[0m474} INFO[0m - 0 triggers currently running[0m
[[34m2024-09-22T15:30:54.180+0300[0m] {[34mtriggerer_job_runner.py:[0m474} INFO[0m - 0 triggers currently running[0m
[[34m2024-09-22T15:31:54.240+0300[0m] {[34mtriggerer_job_runner.py:[0m474} INFO[0m - 0 triggers currently running[0m
[[34m2024-09-22T15:32:54.303+0300[0m] {[34mtriggerer_job_runner.py:[0m474} INFO[0m - 0 triggers currently running[0m
[[34m2024-09-22T15:33:54.359+0300[0m] {[34mtriggerer_job_runner.py:[0m474} INFO[0m - 0 triggers currently running[0m
[[34m2024-09-22T15:34:54.424+0300[0m] {[34mtriggerer_job_runner.py:[0m474} INFO[0m - 0 triggers currently running[0m
[[34m2024-09-22T15:35:54.482+0300[0m] {[34mtriggerer_job_runner.py:[0m474} INFO[0m - 0 triggers currently running[0m
[[34m2024-09-22T15:36:54.543+0300[0m] {[34mtriggerer_job_runner.py:[0m474} INFO[0m - 0 triggers currently running[0m
[[34m2024-09-22T15:37:54.599+0300[0m] {[34mtriggerer_job_runner.py:[0m474} INFO[0m - 0 triggers currently running[0m
[[34m2024-09-22T15:38:54.669+0300[0m] {[34mtriggerer_job_runner.py:[0m474} INFO[0m - 0 triggers currently running[0m
[[34m2024-09-22T15:39:54.735+0300[0m] {[34mtriggerer_job_runner.py:[0m474} INFO[0m - 0 triggers currently running[0m
[[34m2024-09-22T15:40:54.795+0300[0m] {[34mtriggerer_job_runner.py:[0m474} INFO[0m - 0 triggers currently running[0m
[[34m2024-09-22T15:41:54.856+0300[0m] {[34mtriggerer_job_runner.py:[0m474} INFO[0m - 0 triggers currently running[0m
[[34m2024-09-22T15:42:54.918+0300[0m] {[34mtriggerer_job_runner.py:[0m474} INFO[0m - 0 triggers currently running[0m
[[34m2024-09-22T15:43:54.976+0300[0m] {[34mtriggerer_job_runner.py:[0m474} INFO[0m - 0 triggers currently running[0m
[[34m2024-09-22T15:44:55.042+0300[0m] {[34mtriggerer_job_runner.py:[0m474} INFO[0m - 0 triggers currently running[0m
[[34m2024-09-22T15:45:55.109+0300[0m] {[34mtriggerer_job_runner.py:[0m474} INFO[0m - 0 triggers currently running[0m
[[34m2024-09-22T15:46:55.171+0300[0m] {[34mtriggerer_job_runner.py:[0m474} INFO[0m - 0 triggers currently running[0m
[[34m2024-09-22T15:47:55.238+0300[0m] {[34mtriggerer_job_runner.py:[0m474} INFO[0m - 0 triggers currently running[0m
[[34m2024-09-22T15:48:55.308+0300[0m] {[34mtriggerer_job_runner.py:[0m474} INFO[0m - 0 triggers currently running[0m
[[34m2024-09-22T15:49:55.364+0300[0m] {[34mtriggerer_job_runner.py:[0m474} INFO[0m - 0 triggers currently running[0m
[[34m2024-09-22T15:50:55.424+0300[0m] {[34mtriggerer_job_runner.py:[0m474} INFO[0m - 0 triggers currently running[0m
[[34m2024-09-22T15:51:55.482+0300[0m] {[34mtriggerer_job_runner.py:[0m474} INFO[0m - 0 triggers currently running[0m
[[34m2024-09-22T15:52:55.550+0300[0m] {[34mtriggerer_job_runner.py:[0m474} INFO[0m - 0 triggers currently running[0m
[[34m2024-09-22T15:53:55.612+0300[0m] {[34mtriggerer_job_runner.py:[0m474} INFO[0m - 0 triggers currently running[0m
[[34m2024-09-22T15:54:55.677+0300[0m] {[34mtriggerer_job_runner.py:[0m474} INFO[0m - 0 triggers currently running[0m
[[34m2024-09-22T15:55:55.732+0300[0m] {[34mtriggerer_job_runner.py:[0m474} INFO[0m - 0 triggers currently running[0m
[[34m2024-09-22T15:56:55.787+0300[0m] {[34mtriggerer_job_runner.py:[0m474} INFO[0m - 0 triggers currently running[0m
[[34m2024-09-22T15:57:55.850+0300[0m] {[34mtriggerer_job_runner.py:[0m474} INFO[0m - 0 triggers currently running[0m
[[34m2024-09-22T15:58:55.919+0300[0m] {[34mtriggerer_job_runner.py:[0m474} INFO[0m - 0 triggers currently running[0m
[[34m2024-09-22T15:59:55.985+0300[0m] {[34mtriggerer_job_runner.py:[0m474} INFO[0m - 0 triggers currently running[0m
[[34m2024-09-22T16:00:56.050+0300[0m] {[34mtriggerer_job_runner.py:[0m474} INFO[0m - 0 triggers currently running[0m
[[34m2024-09-22T16:01:56.113+0300[0m] {[34mtriggerer_job_runner.py:[0m474} INFO[0m - 0 triggers currently running[0m
[[34m2024-09-22T16:02:56.177+0300[0m] {[34mtriggerer_job_runner.py:[0m474} INFO[0m - 0 triggers currently running[0m
[[34m2024-09-22T16:03:56.234+0300[0m] {[34mtriggerer_job_runner.py:[0m474} INFO[0m - 0 triggers currently running[0m
[[34m2024-09-22T16:04:56.295+0300[0m] {[34mtriggerer_job_runner.py:[0m474} INFO[0m - 0 triggers currently running[0m
[[34m2024-09-22T16:05:56.354+0300[0m] {[34mtriggerer_job_runner.py:[0m474} INFO[0m - 0 triggers currently running[0m
[[34m2024-09-22T16:06:56.411+0300[0m] {[34mtriggerer_job_runner.py:[0m474} INFO[0m - 0 triggers currently running[0m
[[34m2024-09-22T16:07:56.472+0300[0m] {[34mtriggerer_job_runner.py:[0m474} INFO[0m - 0 triggers currently running[0m
[[34m2024-09-22T16:08:56.531+0300[0m] {[34mtriggerer_job_runner.py:[0m474} INFO[0m - 0 triggers currently running[0m
[[34m2024-09-22T16:09:21.166+0300[0m] {[34mtriggerer_job_runner.py:[0m573} INFO[0m - Triggerer's async thread was blocked for 6.27 seconds, likely by a badly-written trigger. Set PYTHONASYNCIODEBUG=1 to get more information on overrunning coroutines.[0m
[[34m2024-09-22T21:16:05.959+0300[0m] {[34mtriggerer_job_runner.py:[0m474} INFO[0m - 0 triggers currently running[0m
[[34m2024-09-22T21:17:06.017+0300[0m] {[34mtriggerer_job_runner.py:[0m474} INFO[0m - 0 triggers currently running[0m
[[34m2024-09-22T21:18:06.074+0300[0m] {[34mtriggerer_job_runner.py:[0m474} INFO[0m - 0 triggers currently running[0m
[[34m2024-09-22T21:19:06.141+0300[0m] {[34mtriggerer_job_runner.py:[0m474} INFO[0m - 0 triggers currently running[0m
[[34m2024-09-22T21:20:06.204+0300[0m] {[34mtriggerer_job_runner.py:[0m474} INFO[0m - 0 triggers currently running[0m
[[34m2024-09-22T21:21:06.271+0300[0m] {[34mtriggerer_job_runner.py:[0m474} INFO[0m - 0 triggers currently running[0m
[[34m2024-09-22T21:22:06.331+0300[0m] {[34mtriggerer_job_runner.py:[0m474} INFO[0m - 0 triggers currently running[0m
[[34m2024-09-22T21:23:06.396+0300[0m] {[34mtriggerer_job_runner.py:[0m474} INFO[0m - 0 triggers currently running[0m
[[34m2024-09-22T21:24:06.456+0300[0m] {[34mtriggerer_job_runner.py:[0m474} INFO[0m - 0 triggers currently running[0m
[[34m2024-09-22T21:25:06.516+0300[0m] {[34mtriggerer_job_runner.py:[0m474} INFO[0m - 0 triggers currently running[0m
[[34m2024-09-22T21:26:06.577+0300[0m] {[34mtriggerer_job_runner.py:[0m474} INFO[0m - 0 triggers currently running[0m
[[34m2024-09-22T21:27:06.640+0300[0m] {[34mtriggerer_job_runner.py:[0m474} INFO[0m - 0 triggers currently running[0m
[[34m2024-09-22T21:28:06.704+0300[0m] {[34mtriggerer_job_runner.py:[0m474} INFO[0m - 0 triggers currently running[0m
[[34m2024-09-22T21:29:06.769+0300[0m] {[34mtriggerer_job_runner.py:[0m474} INFO[0m - 0 triggers currently running[0m
[[34m2024-09-22T21:30:06.827+0300[0m] {[34mtriggerer_job_runner.py:[0m474} INFO[0m - 0 triggers currently running[0m
[[34m2024-09-22T21:31:06.887+0300[0m] {[34mtriggerer_job_runner.py:[0m474} INFO[0m - 0 triggers currently running[0m
[[34m2024-09-22T21:32:06.943+0300[0m] {[34mtriggerer_job_runner.py:[0m474} INFO[0m - 0 triggers currently running[0m
[[34m2024-09-22T21:33:07.002+0300[0m] {[34mtriggerer_job_runner.py:[0m474} INFO[0m - 0 triggers currently running[0m
[[34m2024-09-22T21:34:07.060+0300[0m] {[34mtriggerer_job_runner.py:[0m474} INFO[0m - 0 triggers currently running[0m
[[34m2024-09-22T21:35:07.121+0300[0m] {[34mtriggerer_job_runner.py:[0m474} INFO[0m - 0 triggers currently running[0m
[[34m2024-09-22T21:36:07.183+0300[0m] {[34mtriggerer_job_runner.py:[0m474} INFO[0m - 0 triggers currently running[0m
[[34m2024-09-22T21:37:07.241+0300[0m] {[34mtriggerer_job_runner.py:[0m474} INFO[0m - 0 triggers currently running[0m
[[34m2024-09-22T21:38:07.299+0300[0m] {[34mtriggerer_job_runner.py:[0m474} INFO[0m - 0 triggers currently running[0m
[[34m2024-09-22T21:39:07.362+0300[0m] {[34mtriggerer_job_runner.py:[0m474} INFO[0m - 0 triggers currently running[0m
[[34m2024-09-22T21:40:07.424+0300[0m] {[34mtriggerer_job_runner.py:[0m474} INFO[0m - 0 triggers currently running[0m
[[34m2024-09-22T21:41:07.483+0300[0m] {[34mtriggerer_job_runner.py:[0m474} INFO[0m - 0 triggers currently running[0m
[[34m2024-09-22T21:42:07.540+0300[0m] {[34mtriggerer_job_runner.py:[0m474} INFO[0m - 0 triggers currently running[0m
[[34m2024-09-22T21:43:07.599+0300[0m] {[34mtriggerer_job_runner.py:[0m474} INFO[0m - 0 triggers currently running[0m
[[34m2024-09-22T21:44:07.668+0300[0m] {[34mtriggerer_job_runner.py:[0m474} INFO[0m - 0 triggers currently running[0m
[[34m2024-09-22T21:45:07.729+0300[0m] {[34mtriggerer_job_runner.py:[0m474} INFO[0m - 0 triggers currently running[0m
[[34m2024-09-22T21:46:07.791+0300[0m] {[34mtriggerer_job_runner.py:[0m474} INFO[0m - 0 triggers currently running[0m
[[34m2024-09-22T21:47:07.852+0300[0m] {[34mtriggerer_job_runner.py:[0m474} INFO[0m - 0 triggers currently running[0m
[[34m2024-09-22T21:48:07.915+0300[0m] {[34mtriggerer_job_runner.py:[0m474} INFO[0m - 0 triggers currently running[0m
[[34m2024-09-22T21:49:07.982+0300[0m] {[34mtriggerer_job_runner.py:[0m474} INFO[0m - 0 triggers currently running[0m
[[34m2024-09-22T21:50:08.047+0300[0m] {[34mtriggerer_job_runner.py:[0m474} INFO[0m - 0 triggers currently running[0m
[[34m2024-09-22T21:51:08.150+0300[0m] {[34mtriggerer_job_runner.py:[0m474} INFO[0m - 0 triggers currently running[0m
[[34m2024-09-22T21:52:08.306+0300[0m] {[34mtriggerer_job_runner.py:[0m474} INFO[0m - 0 triggers currently running[0m
[[34m2024-09-22T21:53:08.369+0300[0m] {[34mtriggerer_job_runner.py:[0m474} INFO[0m - 0 triggers currently running[0m
[[34m2024-09-22T21:54:08.431+0300[0m] {[34mtriggerer_job_runner.py:[0m474} INFO[0m - 0 triggers currently running[0m
[[34m2024-09-22T21:55:08.493+0300[0m] {[34mtriggerer_job_runner.py:[0m474} INFO[0m - 0 triggers currently running[0m
[[34m2024-09-22T21:56:08.555+0300[0m] {[34mtriggerer_job_runner.py:[0m474} INFO[0m - 0 triggers currently running[0m
[[34m2024-09-22T21:57:08.614+0300[0m] {[34mtriggerer_job_runner.py:[0m474} INFO[0m - 0 triggers currently running[0m
[[34m2024-09-22T21:58:08.674+0300[0m] {[34mtriggerer_job_runner.py:[0m474} INFO[0m - 0 triggers currently running[0m
[[34m2024-09-22T21:59:08.738+0300[0m] {[34mtriggerer_job_runner.py:[0m474} INFO[0m - 0 triggers currently running[0m
[[34m2024-09-22T22:00:08.800+0300[0m] {[34mtriggerer_job_runner.py:[0m474} INFO[0m - 0 triggers currently running[0m
[[34m2024-09-22T22:01:08.859+0300[0m] {[34mtriggerer_job_runner.py:[0m474} INFO[0m - 0 triggers currently running[0m
[[34m2024-09-22T22:02:08.921+0300[0m] {[34mtriggerer_job_runner.py:[0m474} INFO[0m - 0 triggers currently running[0m
[[34m2024-09-22T22:03:08.977+0300[0m] {[34mtriggerer_job_runner.py:[0m474} INFO[0m - 0 triggers currently running[0m
[[34m2024-09-22T22:04:09.040+0300[0m] {[34mtriggerer_job_runner.py:[0m474} INFO[0m - 0 triggers currently running[0m
[[34m2024-09-22T22:05:09.101+0300[0m] {[34mtriggerer_job_runner.py:[0m474} INFO[0m - 0 triggers currently running[0m
[[34m2024-09-22T22:06:09.157+0300[0m] {[34mtriggerer_job_runner.py:[0m474} INFO[0m - 0 triggers currently running[0m
[[34m2024-09-22T22:07:09.220+0300[0m] {[34mtriggerer_job_runner.py:[0m474} INFO[0m - 0 triggers currently running[0m
[[34m2024-09-22T22:08:09.274+0300[0m] {[34mtriggerer_job_runner.py:[0m474} INFO[0m - 0 triggers currently running[0m
[[34m2024-09-22T22:09:09.329+0300[0m] {[34mtriggerer_job_runner.py:[0m474} INFO[0m - 0 triggers currently running[0m
[[34m2024-09-22T22:10:09.380+0300[0m] {[34mtriggerer_job_runner.py:[0m474} INFO[0m - 0 triggers currently running[0m
[[34m2024-09-22T22:11:09.437+0300[0m] {[34mtriggerer_job_runner.py:[0m474} INFO[0m - 0 triggers currently running[0m
[[34m2024-09-22T22:12:09.495+0300[0m] {[34mtriggerer_job_runner.py:[0m474} INFO[0m - 0 triggers currently running[0m
[[34m2024-09-22T22:13:09.551+0300[0m] {[34mtriggerer_job_runner.py:[0m474} INFO[0m - 0 triggers currently running[0m
[[34m2024-09-22T22:14:09.614+0300[0m] {[34mtriggerer_job_runner.py:[0m474} INFO[0m - 0 triggers currently running[0m
[[34m2024-09-22T22:15:09.671+0300[0m] {[34mtriggerer_job_runner.py:[0m474} INFO[0m - 0 triggers currently running[0m
[[34m2024-09-22T22:16:09.735+0300[0m] {[34mtriggerer_job_runner.py:[0m474} INFO[0m - 0 triggers currently running[0m
[[34m2024-09-22T22:17:09.802+0300[0m] {[34mtriggerer_job_runner.py:[0m474} INFO[0m - 0 triggers currently running[0m
[[34m2024-09-22T22:18:09.868+0300[0m] {[34mtriggerer_job_runner.py:[0m474} INFO[0m - 0 triggers currently running[0m
[[34m2024-09-22T22:19:09.922+0300[0m] {[34mtriggerer_job_runner.py:[0m474} INFO[0m - 0 triggers currently running[0m
[[34m2024-09-22T22:20:09.981+0300[0m] {[34mtriggerer_job_runner.py:[0m474} INFO[0m - 0 triggers currently running[0m
[[34m2024-09-22T22:21:10.037+0300[0m] {[34mtriggerer_job_runner.py:[0m474} INFO[0m - 0 triggers currently running[0m
[[34m2024-09-22T22:22:10.087+0300[0m] {[34mtriggerer_job_runner.py:[0m474} INFO[0m - 0 triggers currently running[0m
[[34m2024-09-22T22:23:10.151+0300[0m] {[34mtriggerer_job_runner.py:[0m474} INFO[0m - 0 triggers currently running[0m
[[34m2024-09-22T22:24:10.215+0300[0m] {[34mtriggerer_job_runner.py:[0m474} INFO[0m - 0 triggers currently running[0m
[[34m2024-09-22T22:25:10.271+0300[0m] {[34mtriggerer_job_runner.py:[0m474} INFO[0m - 0 triggers currently running[0m
[[34m2024-09-22T22:26:10.336+0300[0m] {[34mtriggerer_job_runner.py:[0m474} INFO[0m - 0 triggers currently running[0m
[[34m2024-09-22T22:27:10.400+0300[0m] {[34mtriggerer_job_runner.py:[0m474} INFO[0m - 0 triggers currently running[0m
[[34m2024-09-22T22:28:10.463+0300[0m] {[34mtriggerer_job_runner.py:[0m474} INFO[0m - 0 triggers currently running[0m
[[34m2024-09-22T22:29:10.519+0300[0m] {[34mtriggerer_job_runner.py:[0m474} INFO[0m - 0 triggers currently running[0m
[[34m2024-09-22T22:30:10.587+0300[0m] {[34mtriggerer_job_runner.py:[0m474} INFO[0m - 0 triggers currently running[0m
[[34m2024-09-22T22:31:10.655+0300[0m] {[34mtriggerer_job_runner.py:[0m474} INFO[0m - 0 triggers currently running[0m
[[34m2024-09-22T22:32:10.723+0300[0m] {[34mtriggerer_job_runner.py:[0m474} INFO[0m - 0 triggers currently running[0m
[[34m2024-09-22T22:33:10.778+0300[0m] {[34mtriggerer_job_runner.py:[0m474} INFO[0m - 0 triggers currently running[0m
[[34m2024-09-22T22:34:10.842+0300[0m] {[34mtriggerer_job_runner.py:[0m474} INFO[0m - 0 triggers currently running[0m
[[34m2024-09-22T22:35:10.902+0300[0m] {[34mtriggerer_job_runner.py:[0m474} INFO[0m - 0 triggers currently running[0m
[[34m2024-09-22T22:36:10.959+0300[0m] {[34mtriggerer_job_runner.py:[0m474} INFO[0m - 0 triggers currently running[0m
[[34m2024-09-22T22:37:11.015+0300[0m] {[34mtriggerer_job_runner.py:[0m474} INFO[0m - 0 triggers currently running[0m
[[34m2024-09-22T22:38:11.070+0300[0m] {[34mtriggerer_job_runner.py:[0m474} INFO[0m - 0 triggers currently running[0m
[[34m2024-09-22T22:39:11.119+0300[0m] {[34mtriggerer_job_runner.py:[0m474} INFO[0m - 0 triggers currently running[0m
[[34m2024-09-22T22:40:11.174+0300[0m] {[34mtriggerer_job_runner.py:[0m474} INFO[0m - 0 triggers currently running[0m
[[34m2024-09-22T22:41:11.230+0300[0m] {[34mtriggerer_job_runner.py:[0m474} INFO[0m - 0 triggers currently running[0m
[[34m2024-09-22T22:42:11.288+0300[0m] {[34mtriggerer_job_runner.py:[0m474} INFO[0m - 0 triggers currently running[0m
[[34m2024-09-22T22:43:11.342+0300[0m] {[34mtriggerer_job_runner.py:[0m474} INFO[0m - 0 triggers currently running[0m
[[34m2024-09-22T22:44:11.393+0300[0m] {[34mtriggerer_job_runner.py:[0m474} INFO[0m - 0 triggers currently running[0m
[[34m2024-09-22T22:45:11.447+0300[0m] {[34mtriggerer_job_runner.py:[0m474} INFO[0m - 0 triggers currently running[0m
[[34m2024-09-22T22:46:11.507+0300[0m] {[34mtriggerer_job_runner.py:[0m474} INFO[0m - 0 triggers currently running[0m
[[34m2024-09-22T22:47:11.557+0300[0m] {[34mtriggerer_job_runner.py:[0m474} INFO[0m - 0 triggers currently running[0m
[[34m2024-09-22T22:48:11.619+0300[0m] {[34mtriggerer_job_runner.py:[0m474} INFO[0m - 0 triggers currently running[0m
[[34m2024-09-22T22:49:11.673+0300[0m] {[34mtriggerer_job_runner.py:[0m474} INFO[0m - 0 triggers currently running[0m
[[34m2024-09-22T22:50:11.727+0300[0m] {[34mtriggerer_job_runner.py:[0m474} INFO[0m - 0 triggers currently running[0m
[[34m2024-09-22T22:51:11.784+0300[0m] {[34mtriggerer_job_runner.py:[0m474} INFO[0m - 0 triggers currently running[0m
[[34m2024-09-22T22:52:11.847+0300[0m] {[34mtriggerer_job_runner.py:[0m474} INFO[0m - 0 triggers currently running[0m
[[34m2024-09-22T22:53:11.906+0300[0m] {[34mtriggerer_job_runner.py:[0m474} INFO[0m - 0 triggers currently running[0m
[[34m2024-09-22T22:54:11.955+0300[0m] {[34mtriggerer_job_runner.py:[0m474} INFO[0m - 0 triggers currently running[0m
[[34m2024-09-22T22:55:12.007+0300[0m] {[34mtriggerer_job_runner.py:[0m474} INFO[0m - 0 triggers currently running[0m
[[34m2024-09-22T22:56:12.067+0300[0m] {[34mtriggerer_job_runner.py:[0m474} INFO[0m - 0 triggers currently running[0m
[[34m2024-09-22T22:57:12.123+0300[0m] {[34mtriggerer_job_runner.py:[0m474} INFO[0m - 0 triggers currently running[0m
[[34m2024-09-22T22:58:12.185+0300[0m] {[34mtriggerer_job_runner.py:[0m474} INFO[0m - 0 triggers currently running[0m
[[34m2024-09-22T22:59:12.236+0300[0m] {[34mtriggerer_job_runner.py:[0m474} INFO[0m - 0 triggers currently running[0m
[[34m2024-09-22T23:00:12.290+0300[0m] {[34mtriggerer_job_runner.py:[0m474} INFO[0m - 0 triggers currently running[0m
[[34m2024-09-22T23:01:12.340+0300[0m] {[34mtriggerer_job_runner.py:[0m474} INFO[0m - 0 triggers currently running[0m
[[34m2024-09-22T23:02:12.390+0300[0m] {[34mtriggerer_job_runner.py:[0m474} INFO[0m - 0 triggers currently running[0m
[[34m2024-09-22T23:03:12.445+0300[0m] {[34mtriggerer_job_runner.py:[0m474} INFO[0m - 0 triggers currently running[0m
[[34m2024-09-22T23:04:12.497+0300[0m] {[34mtriggerer_job_runner.py:[0m474} INFO[0m - 0 triggers currently running[0m
[[34m2024-09-22T23:05:12.558+0300[0m] {[34mtriggerer_job_runner.py:[0m474} INFO[0m - 0 triggers currently running[0m
[[34m2024-09-22T23:06:12.615+0300[0m] {[34mtriggerer_job_runner.py:[0m474} INFO[0m - 0 triggers currently running[0m
[[34m2024-09-22T23:07:12.670+0300[0m] {[34mtriggerer_job_runner.py:[0m474} INFO[0m - 0 triggers currently running[0m
[[34m2024-09-22T23:08:12.729+0300[0m] {[34mtriggerer_job_runner.py:[0m474} INFO[0m - 0 triggers currently running[0m
[[34m2024-09-22T23:09:12.785+0300[0m] {[34mtriggerer_job_runner.py:[0m474} INFO[0m - 0 triggers currently running[0m
[[34m2024-09-22T23:10:12.840+0300[0m] {[34mtriggerer_job_runner.py:[0m474} INFO[0m - 0 triggers currently running[0m
[[34m2024-09-22T23:11:12.897+0300[0m] {[34mtriggerer_job_runner.py:[0m474} INFO[0m - 0 triggers currently running[0m
[[34m2024-09-22T23:12:12.951+0300[0m] {[34mtriggerer_job_runner.py:[0m474} INFO[0m - 0 triggers currently running[0m
[[34m2024-09-22T23:13:13.004+0300[0m] {[34mtriggerer_job_runner.py:[0m474} INFO[0m - 0 triggers currently running[0m
[[34m2024-09-22T23:14:13.060+0300[0m] {[34mtriggerer_job_runner.py:[0m474} INFO[0m - 0 triggers currently running[0m
[[34m2024-09-22T23:15:13.117+0300[0m] {[34mtriggerer_job_runner.py:[0m474} INFO[0m - 0 triggers currently running[0m
[[34m2024-09-22T23:16:13.170+0300[0m] {[34mtriggerer_job_runner.py:[0m474} INFO[0m - 0 triggers currently running[0m
[[34m2024-09-22T23:17:13.224+0300[0m] {[34mtriggerer_job_runner.py:[0m474} INFO[0m - 0 triggers currently running[0m
[[34m2024-09-22T23:18:13.272+0300[0m] {[34mtriggerer_job_runner.py:[0m474} INFO[0m - 0 triggers currently running[0m
[[34m2024-09-22T23:19:13.327+0300[0m] {[34mtriggerer_job_runner.py:[0m474} INFO[0m - 0 triggers currently running[0m
[[34m2024-09-22T23:20:13.374+0300[0m] {[34mtriggerer_job_runner.py:[0m474} INFO[0m - 0 triggers currently running[0m
[[34m2024-09-22T23:21:13.426+0300[0m] {[34mtriggerer_job_runner.py:[0m474} INFO[0m - 0 triggers currently running[0m
[[34m2024-09-22T23:22:13.475+0300[0m] {[34mtriggerer_job_runner.py:[0m474} INFO[0m - 0 triggers currently running[0m
[[34m2024-09-22T23:23:13.528+0300[0m] {[34mtriggerer_job_runner.py:[0m474} INFO[0m - 0 triggers currently running[0m
[[34m2024-09-22T23:24:13.586+0300[0m] {[34mtriggerer_job_runner.py:[0m474} INFO[0m - 0 triggers currently running[0m
[[34m2024-09-22T23:25:13.637+0300[0m] {[34mtriggerer_job_runner.py:[0m474} INFO[0m - 0 triggers currently running[0m
[[34m2024-09-22T23:26:13.694+0300[0m] {[34mtriggerer_job_runner.py:[0m474} INFO[0m - 0 triggers currently running[0m
[[34m2024-09-22T23:27:13.760+0300[0m] {[34mtriggerer_job_runner.py:[0m474} INFO[0m - 0 triggers currently running[0m
[[34m2024-09-22T23:28:13.828+0300[0m] {[34mtriggerer_job_runner.py:[0m474} INFO[0m - 0 triggers currently running[0m
[[34m2024-09-22T23:29:13.893+0300[0m] {[34mtriggerer_job_runner.py:[0m474} INFO[0m - 0 triggers currently running[0m
[[34m2024-09-22T23:30:13.962+0300[0m] {[34mtriggerer_job_runner.py:[0m474} INFO[0m - 0 triggers currently running[0m
[[34m2024-09-22T23:31:14.025+0300[0m] {[34mtriggerer_job_runner.py:[0m474} INFO[0m - 0 triggers currently running[0m
[[34m2024-09-22T23:32:14.091+0300[0m] {[34mtriggerer_job_runner.py:[0m474} INFO[0m - 0 triggers currently running[0m
[[34m2024-09-22T23:33:14.161+0300[0m] {[34mtriggerer_job_runner.py:[0m474} INFO[0m - 0 triggers currently running[0m
[[34m2024-09-22T23:34:14.223+0300[0m] {[34mtriggerer_job_runner.py:[0m474} INFO[0m - 0 triggers currently running[0m
[[34m2024-09-22T23:35:14.285+0300[0m] {[34mtriggerer_job_runner.py:[0m474} INFO[0m - 0 triggers currently running[0m
[[34m2024-09-22T23:36:14.348+0300[0m] {[34mtriggerer_job_runner.py:[0m474} INFO[0m - 0 triggers currently running[0m
[[34m2024-09-22T23:37:14.410+0300[0m] {[34mtriggerer_job_runner.py:[0m474} INFO[0m - 0 triggers currently running[0m
[[34m2024-09-22T23:38:14.473+0300[0m] {[34mtriggerer_job_runner.py:[0m474} INFO[0m - 0 triggers currently running[0m
[[34m2024-09-22T23:39:14.530+0300[0m] {[34mtriggerer_job_runner.py:[0m474} INFO[0m - 0 triggers currently running[0m
[[34m2024-09-22T23:40:14.588+0300[0m] {[34mtriggerer_job_runner.py:[0m474} INFO[0m - 0 triggers currently running[0m
[[34m2024-09-22T23:41:14.652+0300[0m] {[34mtriggerer_job_runner.py:[0m474} INFO[0m - 0 triggers currently running[0m
[[34m2024-09-22T23:42:14.714+0300[0m] {[34mtriggerer_job_runner.py:[0m474} INFO[0m - 0 triggers currently running[0m
[[34m2024-09-22T23:43:14.774+0300[0m] {[34mtriggerer_job_runner.py:[0m474} INFO[0m - 0 triggers currently running[0m
[[34m2024-09-22T23:44:14.839+0300[0m] {[34mtriggerer_job_runner.py:[0m474} INFO[0m - 0 triggers currently running[0m
[[34m2024-09-22T23:45:14.901+0300[0m] {[34mtriggerer_job_runner.py:[0m474} INFO[0m - 0 triggers currently running[0m
[[34m2024-09-22T23:46:14.967+0300[0m] {[34mtriggerer_job_runner.py:[0m474} INFO[0m - 0 triggers currently running[0m
[[34m2024-09-22T23:47:15.032+0300[0m] {[34mtriggerer_job_runner.py:[0m474} INFO[0m - 0 triggers currently running[0m
[[34m2024-09-22T23:48:15.099+0300[0m] {[34mtriggerer_job_runner.py:[0m474} INFO[0m - 0 triggers currently running[0m
[[34m2024-09-22T23:49:15.160+0300[0m] {[34mtriggerer_job_runner.py:[0m474} INFO[0m - 0 triggers currently running[0m
[[34m2024-09-22T23:50:15.220+0300[0m] {[34mtriggerer_job_runner.py:[0m474} INFO[0m - 0 triggers currently running[0m
[[34m2024-09-22T23:51:15.289+0300[0m] {[34mtriggerer_job_runner.py:[0m474} INFO[0m - 0 triggers currently running[0m
[[34m2024-09-22T23:52:15.360+0300[0m] {[34mtriggerer_job_runner.py:[0m474} INFO[0m - 0 triggers currently running[0m
[[34m2024-09-22T23:53:15.414+0300[0m] {[34mtriggerer_job_runner.py:[0m474} INFO[0m - 0 triggers currently running[0m
[[34m2024-09-22T23:54:15.482+0300[0m] {[34mtriggerer_job_runner.py:[0m474} INFO[0m - 0 triggers currently running[0m
[[34m2024-09-22T23:55:15.540+0300[0m] {[34mtriggerer_job_runner.py:[0m474} INFO[0m - 0 triggers currently running[0m
[[34m2024-09-22T23:56:15.603+0300[0m] {[34mtriggerer_job_runner.py:[0m474} INFO[0m - 0 triggers currently running[0m
[[34m2024-09-22T23:57:15.667+0300[0m] {[34mtriggerer_job_runner.py:[0m474} INFO[0m - 0 triggers currently running[0m
[[34m2024-09-22T23:58:15.737+0300[0m] {[34mtriggerer_job_runner.py:[0m474} INFO[0m - 0 triggers currently running[0m
[[34m2024-09-22T23:59:15.799+0300[0m] {[34mtriggerer_job_runner.py:[0m474} INFO[0m - 0 triggers currently running[0m
[[34m2024-09-23T00:00:15.863+0300[0m] {[34mtriggerer_job_runner.py:[0m474} INFO[0m - 0 triggers currently running[0m
[[34m2024-09-23T00:01:15.926+0300[0m] {[34mtriggerer_job_runner.py:[0m474} INFO[0m - 0 triggers currently running[0m
[[34m2024-09-23T00:02:15.997+0300[0m] {[34mtriggerer_job_runner.py:[0m474} INFO[0m - 0 triggers currently running[0m
[[34m2024-09-23T00:03:16.058+0300[0m] {[34mtriggerer_job_runner.py:[0m474} INFO[0m - 0 triggers currently running[0m
[[34m2024-09-23T00:04:16.125+0300[0m] {[34mtriggerer_job_runner.py:[0m474} INFO[0m - 0 triggers currently running[0m
[[34m2024-09-23T00:05:16.191+0300[0m] {[34mtriggerer_job_runner.py:[0m474} INFO[0m - 0 triggers currently running[0m
[[34m2024-09-23T00:06:16.259+0300[0m] {[34mtriggerer_job_runner.py:[0m474} INFO[0m - 0 triggers currently running[0m
[[34m2024-09-23T00:07:16.310+0300[0m] {[34mtriggerer_job_runner.py:[0m474} INFO[0m - 0 triggers currently running[0m
[[34m2024-09-23T00:08:16.366+0300[0m] {[34mtriggerer_job_runner.py:[0m474} INFO[0m - 0 triggers currently running[0m
[[34m2024-09-23T00:09:16.417+0300[0m] {[34mtriggerer_job_runner.py:[0m474} INFO[0m - 0 triggers currently running[0m
[[34m2024-09-23T00:10:16.475+0300[0m] {[34mtriggerer_job_runner.py:[0m474} INFO[0m - 0 triggers currently running[0m
[[34m2024-09-23T00:11:16.528+0300[0m] {[34mtriggerer_job_runner.py:[0m474} INFO[0m - 0 triggers currently running[0m
[[34m2024-09-23T00:12:16.585+0300[0m] {[34mtriggerer_job_runner.py:[0m474} INFO[0m - 0 triggers currently running[0m
[[34m2024-09-23T00:13:16.641+0300[0m] {[34mtriggerer_job_runner.py:[0m474} INFO[0m - 0 triggers currently running[0m
[[34m2024-09-23T00:14:16.697+0300[0m] {[34mtriggerer_job_runner.py:[0m474} INFO[0m - 0 triggers currently running[0m
[[34m2024-09-23T00:15:16.750+0300[0m] {[34mtriggerer_job_runner.py:[0m474} INFO[0m - 0 triggers currently running[0m
[[34m2024-09-23T00:16:16.807+0300[0m] {[34mtriggerer_job_runner.py:[0m474} INFO[0m - 0 triggers currently running[0m
[[34m2024-09-23T00:17:16.868+0300[0m] {[34mtriggerer_job_runner.py:[0m474} INFO[0m - 0 triggers currently running[0m
[[34m2024-09-23T00:18:16.929+0300[0m] {[34mtriggerer_job_runner.py:[0m474} INFO[0m - 0 triggers currently running[0m
[[34m2024-09-23T00:19:16.983+0300[0m] {[34mtriggerer_job_runner.py:[0m474} INFO[0m - 0 triggers currently running[0m
[[34m2024-09-23T00:20:17.040+0300[0m] {[34mtriggerer_job_runner.py:[0m474} INFO[0m - 0 triggers currently running[0m
[[34m2024-09-23T00:21:17.097+0300[0m] {[34mtriggerer_job_runner.py:[0m474} INFO[0m - 0 triggers currently running[0m
[[34m2024-09-23T00:22:17.159+0300[0m] {[34mtriggerer_job_runner.py:[0m474} INFO[0m - 0 triggers currently running[0m
[[34m2024-09-23T00:23:17.215+0300[0m] {[34mtriggerer_job_runner.py:[0m474} INFO[0m - 0 triggers currently running[0m
[[34m2024-09-23T00:24:17.278+0300[0m] {[34mtriggerer_job_runner.py:[0m474} INFO[0m - 0 triggers currently running[0m
[[34m2024-09-23T00:25:17.339+0300[0m] {[34mtriggerer_job_runner.py:[0m474} INFO[0m - 0 triggers currently running[0m
[[34m2024-09-23T00:26:17.399+0300[0m] {[34mtriggerer_job_runner.py:[0m474} INFO[0m - 0 triggers currently running[0m
[[34m2024-09-23T00:27:17.456+0300[0m] {[34mtriggerer_job_runner.py:[0m474} INFO[0m - 0 triggers currently running[0m
[[34m2024-09-23T00:28:17.522+0300[0m] {[34mtriggerer_job_runner.py:[0m474} INFO[0m - 0 triggers currently running[0m
[[34m2024-09-23T00:29:17.591+0300[0m] {[34mtriggerer_job_runner.py:[0m474} INFO[0m - 0 triggers currently running[0m
[[34m2024-09-23T00:30:17.654+0300[0m] {[34mtriggerer_job_runner.py:[0m474} INFO[0m - 0 triggers currently running[0m
[[34m2024-09-23T00:31:17.713+0300[0m] {[34mtriggerer_job_runner.py:[0m474} INFO[0m - 0 triggers currently running[0m
[[34m2024-09-23T00:32:17.772+0300[0m] {[34mtriggerer_job_runner.py:[0m474} INFO[0m - 0 triggers currently running[0m
[[34m2024-09-23T00:33:17.830+0300[0m] {[34mtriggerer_job_runner.py:[0m474} INFO[0m - 0 triggers currently running[0m
[[34m2024-09-23T00:34:17.894+0300[0m] {[34mtriggerer_job_runner.py:[0m474} INFO[0m - 0 triggers currently running[0m
[[34m2024-09-23T00:35:17.958+0300[0m] {[34mtriggerer_job_runner.py:[0m474} INFO[0m - 0 triggers currently running[0m
[[34m2024-09-23T00:36:18.017+0300[0m] {[34mtriggerer_job_runner.py:[0m474} INFO[0m - 0 triggers currently running[0m
[[34m2024-09-23T00:37:18.081+0300[0m] {[34mtriggerer_job_runner.py:[0m474} INFO[0m - 0 triggers currently running[0m
[[34m2024-09-23T00:38:18.141+0300[0m] {[34mtriggerer_job_runner.py:[0m474} INFO[0m - 0 triggers currently running[0m
[[34m2024-09-23T00:39:18.203+0300[0m] {[34mtriggerer_job_runner.py:[0m474} INFO[0m - 0 triggers currently running[0m
[[34m2024-09-23T00:40:18.266+0300[0m] {[34mtriggerer_job_runner.py:[0m474} INFO[0m - 0 triggers currently running[0m
[[34m2024-09-23T00:41:18.327+0300[0m] {[34mtriggerer_job_runner.py:[0m474} INFO[0m - 0 triggers currently running[0m
[[34m2024-09-23T00:42:18.390+0300[0m] {[34mtriggerer_job_runner.py:[0m474} INFO[0m - 0 triggers currently running[0m
[[34m2024-09-23T00:43:18.446+0300[0m] {[34mtriggerer_job_runner.py:[0m474} INFO[0m - 0 triggers currently running[0m
[[34m2024-09-23T00:44:18.515+0300[0m] {[34mtriggerer_job_runner.py:[0m474} INFO[0m - 0 triggers currently running[0m
[[34m2024-09-23T00:45:18.579+0300[0m] {[34mtriggerer_job_runner.py:[0m474} INFO[0m - 0 triggers currently running[0m
[[34m2024-09-23T00:46:18.639+0300[0m] {[34mtriggerer_job_runner.py:[0m474} INFO[0m - 0 triggers currently running[0m
[[34m2024-09-23T00:47:18.709+0300[0m] {[34mtriggerer_job_runner.py:[0m474} INFO[0m - 0 triggers currently running[0m
[[34m2024-09-23T00:48:18.775+0300[0m] {[34mtriggerer_job_runner.py:[0m474} INFO[0m - 0 triggers currently running[0m
[[34m2024-09-23T00:49:18.835+0300[0m] {[34mtriggerer_job_runner.py:[0m474} INFO[0m - 0 triggers currently running[0m
[[34m2024-09-23T00:50:18.900+0300[0m] {[34mtriggerer_job_runner.py:[0m474} INFO[0m - 0 triggers currently running[0m
[[34m2024-09-23T00:51:18.959+0300[0m] {[34mtriggerer_job_runner.py:[0m474} INFO[0m - 0 triggers currently running[0m
[[34m2024-09-23T00:52:19.021+0300[0m] {[34mtriggerer_job_runner.py:[0m474} INFO[0m - 0 triggers currently running[0m
[[34m2024-09-23T00:53:19.084+0300[0m] {[34mtriggerer_job_runner.py:[0m474} INFO[0m - 0 triggers currently running[0m
[[34m2024-09-23T00:54:19.145+0300[0m] {[34mtriggerer_job_runner.py:[0m474} INFO[0m - 0 triggers currently running[0m
[[34m2024-09-23T00:55:19.202+0300[0m] {[34mtriggerer_job_runner.py:[0m474} INFO[0m - 0 triggers currently running[0m
[[34m2024-09-23T00:56:19.264+0300[0m] {[34mtriggerer_job_runner.py:[0m474} INFO[0m - 0 triggers currently running[0m
[[34m2024-09-23T00:57:19.323+0300[0m] {[34mtriggerer_job_runner.py:[0m474} INFO[0m - 0 triggers currently running[0m
[[34m2024-09-23T00:58:19.389+0300[0m] {[34mtriggerer_job_runner.py:[0m474} INFO[0m - 0 triggers currently running[0m
[[34m2024-09-23T00:59:19.447+0300[0m] {[34mtriggerer_job_runner.py:[0m474} INFO[0m - 0 triggers currently running[0m
[[34m2024-09-23T01:00:19.505+0300[0m] {[34mtriggerer_job_runner.py:[0m474} INFO[0m - 0 triggers currently running[0m
[[34m2024-09-23T01:01:19.567+0300[0m] {[34mtriggerer_job_runner.py:[0m474} INFO[0m - 0 triggers currently running[0m
[[34m2024-09-23T01:02:19.625+0300[0m] {[34mtriggerer_job_runner.py:[0m474} INFO[0m - 0 triggers currently running[0m
[[34m2024-09-23T01:03:19.684+0300[0m] {[34mtriggerer_job_runner.py:[0m474} INFO[0m - 0 triggers currently running[0m
[[34m2024-09-23T01:04:19.749+0300[0m] {[34mtriggerer_job_runner.py:[0m474} INFO[0m - 0 triggers currently running[0m
[[34m2024-09-23T01:05:19.817+0300[0m] {[34mtriggerer_job_runner.py:[0m474} INFO[0m - 0 triggers currently running[0m
[[34m2024-09-23T01:06:19.871+0300[0m] {[34mtriggerer_job_runner.py:[0m474} INFO[0m - 0 triggers currently running[0m
[[34m2024-09-23T01:07:19.929+0300[0m] {[34mtriggerer_job_runner.py:[0m474} INFO[0m - 0 triggers currently running[0m
[[34m2024-09-23T01:08:19.997+0300[0m] {[34mtriggerer_job_runner.py:[0m474} INFO[0m - 0 triggers currently running[0m
[[34m2024-09-23T01:09:20.064+0300[0m] {[34mtriggerer_job_runner.py:[0m474} INFO[0m - 0 triggers currently running[0m
[[34m2024-09-23T01:10:20.121+0300[0m] {[34mtriggerer_job_runner.py:[0m474} INFO[0m - 0 triggers currently running[0m
[[34m2024-09-23T01:11:20.180+0300[0m] {[34mtriggerer_job_runner.py:[0m474} INFO[0m - 0 triggers currently running[0m
[[34m2024-09-23T01:12:20.244+0300[0m] {[34mtriggerer_job_runner.py:[0m474} INFO[0m - 0 triggers currently running[0m
[[34m2024-09-23T01:13:20.313+0300[0m] {[34mtriggerer_job_runner.py:[0m474} INFO[0m - 0 triggers currently running[0m
[[34m2024-09-23T01:14:20.380+0300[0m] {[34mtriggerer_job_runner.py:[0m474} INFO[0m - 0 triggers currently running[0m
[[34m2024-09-23T01:15:20.442+0300[0m] {[34mtriggerer_job_runner.py:[0m474} INFO[0m - 0 triggers currently running[0m
[[34m2024-09-23T01:16:20.502+0300[0m] {[34mtriggerer_job_runner.py:[0m474} INFO[0m - 0 triggers currently running[0m
[[34m2024-09-23T01:17:20.564+0300[0m] {[34mtriggerer_job_runner.py:[0m474} INFO[0m - 0 triggers currently running[0m
[[34m2024-09-23T01:18:20.622+0300[0m] {[34mtriggerer_job_runner.py:[0m474} INFO[0m - 0 triggers currently running[0m
[[34m2024-09-23T01:19:20.682+0300[0m] {[34mtriggerer_job_runner.py:[0m474} INFO[0m - 0 triggers currently running[0m
[[34m2024-09-23T01:20:20.748+0300[0m] {[34mtriggerer_job_runner.py:[0m474} INFO[0m - 0 triggers currently running[0m
[[34m2024-09-23T01:21:20.801+0300[0m] {[34mtriggerer_job_runner.py:[0m474} INFO[0m - 0 triggers currently running[0m
[[34m2024-09-23T01:22:20.862+0300[0m] {[34mtriggerer_job_runner.py:[0m474} INFO[0m - 0 triggers currently running[0m
[[34m2024-09-23T01:22:49.471+0300[0m] {[34mtriggerer_job_runner.py:[0m573} INFO[0m - Triggerer's async thread was blocked for 9.19 seconds, likely by a badly-written trigger. Set PYTHONASYNCIODEBUG=1 to get more information on overrunning coroutines.[0m
[[34m2024-09-23T01:39:53.760+0300[0m] {[34mtriggerer_job_runner.py:[0m474} INFO[0m - 0 triggers currently running[0m
[[34m2024-09-23T01:40:53.823+0300[0m] {[34mtriggerer_job_runner.py:[0m474} INFO[0m - 0 triggers currently running[0m
[[34m2024-09-23T01:41:53.889+0300[0m] {[34mtriggerer_job_runner.py:[0m474} INFO[0m - 0 triggers currently running[0m
[[34m2024-09-23T01:42:53.958+0300[0m] {[34mtriggerer_job_runner.py:[0m474} INFO[0m - 0 triggers currently running[0m
[[34m2024-09-23T01:43:54.026+0300[0m] {[34mtriggerer_job_runner.py:[0m474} INFO[0m - 0 triggers currently running[0m
[[34m2024-09-23T01:44:54.090+0300[0m] {[34mtriggerer_job_runner.py:[0m474} INFO[0m - 0 triggers currently running[0m
[[34m2024-09-23T01:45:54.158+0300[0m] {[34mtriggerer_job_runner.py:[0m474} INFO[0m - 0 triggers currently running[0m
[[34m2024-09-23T01:46:54.225+0300[0m] {[34mtriggerer_job_runner.py:[0m474} INFO[0m - 0 triggers currently running[0m
[[34m2024-09-23T01:47:54.293+0300[0m] {[34mtriggerer_job_runner.py:[0m474} INFO[0m - 0 triggers currently running[0m
[[34m2024-09-23T01:48:54.366+0300[0m] {[34mtriggerer_job_runner.py:[0m474} INFO[0m - 0 triggers currently running[0m
[[34m2024-09-23T01:49:54.429+0300[0m] {[34mtriggerer_job_runner.py:[0m474} INFO[0m - 0 triggers currently running[0m
[[34m2024-09-23T01:50:54.495+0300[0m] {[34mtriggerer_job_runner.py:[0m474} INFO[0m - 0 triggers currently running[0m
[[34m2024-09-23T01:51:54.564+0300[0m] {[34mtriggerer_job_runner.py:[0m474} INFO[0m - 0 triggers currently running[0m
[[34m2024-09-23T01:52:54.630+0300[0m] {[34mtriggerer_job_runner.py:[0m474} INFO[0m - 0 triggers currently running[0m
[[34m2024-09-23T01:53:54.698+0300[0m] {[34mtriggerer_job_runner.py:[0m474} INFO[0m - 0 triggers currently running[0m
[[34m2024-09-23T01:54:54.766+0300[0m] {[34mtriggerer_job_runner.py:[0m474} INFO[0m - 0 triggers currently running[0m
[[34m2024-09-23T01:55:54.829+0300[0m] {[34mtriggerer_job_runner.py:[0m474} INFO[0m - 0 triggers currently running[0m
[[34m2024-09-23T01:56:54.900+0300[0m] {[34mtriggerer_job_runner.py:[0m474} INFO[0m - 0 triggers currently running[0m
[[34m2024-09-23T01:57:54.969+0300[0m] {[34mtriggerer_job_runner.py:[0m474} INFO[0m - 0 triggers currently running[0m
[[34m2024-09-23T01:58:55.039+0300[0m] {[34mtriggerer_job_runner.py:[0m474} INFO[0m - 0 triggers currently running[0m
[[34m2024-09-23T01:59:55.110+0300[0m] {[34mtriggerer_job_runner.py:[0m474} INFO[0m - 0 triggers currently running[0m
[[34m2024-09-23T02:00:55.173+0300[0m] {[34mtriggerer_job_runner.py:[0m474} INFO[0m - 0 triggers currently running[0m
[[34m2024-09-23T02:01:55.240+0300[0m] {[34mtriggerer_job_runner.py:[0m474} INFO[0m - 0 triggers currently running[0m
[[34m2024-09-23T02:02:55.313+0300[0m] {[34mtriggerer_job_runner.py:[0m474} INFO[0m - 0 triggers currently running[0m
[[34m2024-09-23T02:03:55.384+0300[0m] {[34mtriggerer_job_runner.py:[0m474} INFO[0m - 0 triggers currently running[0m
[[34m2024-09-23T02:04:55.451+0300[0m] {[34mtriggerer_job_runner.py:[0m474} INFO[0m - 0 triggers currently running[0m
[[34m2024-09-23T02:05:55.520+0300[0m] {[34mtriggerer_job_runner.py:[0m474} INFO[0m - 0 triggers currently running[0m
[[34m2024-09-23T02:06:55.586+0300[0m] {[34mtriggerer_job_runner.py:[0m474} INFO[0m - 0 triggers currently running[0m
[[34m2024-09-23T02:07:55.651+0300[0m] {[34mtriggerer_job_runner.py:[0m474} INFO[0m - 0 triggers currently running[0m
[[34m2024-09-23T02:08:55.717+0300[0m] {[34mtriggerer_job_runner.py:[0m474} INFO[0m - 0 triggers currently running[0m
[[34m2024-09-23T02:09:55.789+0300[0m] {[34mtriggerer_job_runner.py:[0m474} INFO[0m - 0 triggers currently running[0m
[[34m2024-09-23T02:10:55.852+0300[0m] {[34mtriggerer_job_runner.py:[0m474} INFO[0m - 0 triggers currently running[0m
[[34m2024-09-23T02:11:55.915+0300[0m] {[34mtriggerer_job_runner.py:[0m474} INFO[0m - 0 triggers currently running[0m
[[34m2024-09-23T02:12:55.988+0300[0m] {[34mtriggerer_job_runner.py:[0m474} INFO[0m - 0 triggers currently running[0m
[[34m2024-09-23T02:13:56.051+0300[0m] {[34mtriggerer_job_runner.py:[0m474} INFO[0m - 0 triggers currently running[0m
[[34m2024-09-23T02:14:56.122+0300[0m] {[34mtriggerer_job_runner.py:[0m474} INFO[0m - 0 triggers currently running[0m
[[34m2024-09-23T02:15:56.191+0300[0m] {[34mtriggerer_job_runner.py:[0m474} INFO[0m - 0 triggers currently running[0m
[[34m2024-09-23T02:16:56.259+0300[0m] {[34mtriggerer_job_runner.py:[0m474} INFO[0m - 0 triggers currently running[0m
[[34m2024-09-23T02:17:56.326+0300[0m] {[34mtriggerer_job_runner.py:[0m474} INFO[0m - 0 triggers currently running[0m
[[34m2024-09-23T02:18:56.385+0300[0m] {[34mtriggerer_job_runner.py:[0m474} INFO[0m - 0 triggers currently running[0m
[[34m2024-09-23T02:19:56.454+0300[0m] {[34mtriggerer_job_runner.py:[0m474} INFO[0m - 0 triggers currently running[0m
[[34m2024-09-23T02:20:56.522+0300[0m] {[34mtriggerer_job_runner.py:[0m474} INFO[0m - 0 triggers currently running[0m
[[34m2024-09-23T02:21:56.592+0300[0m] {[34mtriggerer_job_runner.py:[0m474} INFO[0m - 0 triggers currently running[0m
[[34m2024-09-23T02:22:56.662+0300[0m] {[34mtriggerer_job_runner.py:[0m474} INFO[0m - 0 triggers currently running[0m
[[34m2024-09-23T02:23:56.724+0300[0m] {[34mtriggerer_job_runner.py:[0m474} INFO[0m - 0 triggers currently running[0m
[[34m2024-09-23T02:24:56.783+0300[0m] {[34mtriggerer_job_runner.py:[0m474} INFO[0m - 0 triggers currently running[0m
[[34m2024-09-23T02:25:56.857+0300[0m] {[34mtriggerer_job_runner.py:[0m474} INFO[0m - 0 triggers currently running[0m
[[34m2024-09-23T02:26:56.921+0300[0m] {[34mtriggerer_job_runner.py:[0m474} INFO[0m - 0 triggers currently running[0m
[[34m2024-09-23T02:27:56.993+0300[0m] {[34mtriggerer_job_runner.py:[0m474} INFO[0m - 0 triggers currently running[0m
[[34m2024-09-23T02:28:57.066+0300[0m] {[34mtriggerer_job_runner.py:[0m474} INFO[0m - 0 triggers currently running[0m
[[34m2024-09-23T02:29:57.135+0300[0m] {[34mtriggerer_job_runner.py:[0m474} INFO[0m - 0 triggers currently running[0m
[[34m2024-09-23T02:30:57.198+0300[0m] {[34mtriggerer_job_runner.py:[0m474} INFO[0m - 0 triggers currently running[0m
[[34m2024-09-23T02:31:57.267+0300[0m] {[34mtriggerer_job_runner.py:[0m474} INFO[0m - 0 triggers currently running[0m
[[34m2024-09-23T02:32:57.331+0300[0m] {[34mtriggerer_job_runner.py:[0m474} INFO[0m - 0 triggers currently running[0m
[[34m2024-09-23T02:33:57.399+0300[0m] {[34mtriggerer_job_runner.py:[0m474} INFO[0m - 0 triggers currently running[0m
[[34m2024-09-23T02:34:57.469+0300[0m] {[34mtriggerer_job_runner.py:[0m474} INFO[0m - 0 triggers currently running[0m
[[34m2024-09-23T02:35:57.538+0300[0m] {[34mtriggerer_job_runner.py:[0m474} INFO[0m - 0 triggers currently running[0m
[[34m2024-09-23T02:36:57.596+0300[0m] {[34mtriggerer_job_runner.py:[0m474} INFO[0m - 0 triggers currently running[0m
[[34m2024-09-23T02:37:57.666+0300[0m] {[34mtriggerer_job_runner.py:[0m474} INFO[0m - 0 triggers currently running[0m
[[34m2024-09-23T02:38:57.733+0300[0m] {[34mtriggerer_job_runner.py:[0m474} INFO[0m - 0 triggers currently running[0m
[[34m2024-09-23T02:39:57.795+0300[0m] {[34mtriggerer_job_runner.py:[0m474} INFO[0m - 0 triggers currently running[0m
[[34m2024-09-23T02:40:57.863+0300[0m] {[34mtriggerer_job_runner.py:[0m474} INFO[0m - 0 triggers currently running[0m
[[34m2024-09-23T02:41:57.935+0300[0m] {[34mtriggerer_job_runner.py:[0m474} INFO[0m - 0 triggers currently running[0m
[[34m2024-09-23T02:42:58.005+0300[0m] {[34mtriggerer_job_runner.py:[0m474} INFO[0m - 0 triggers currently running[0m
[[34m2024-09-23T02:43:58.066+0300[0m] {[34mtriggerer_job_runner.py:[0m474} INFO[0m - 0 triggers currently running[0m
[[34m2024-09-23T02:44:58.132+0300[0m] {[34mtriggerer_job_runner.py:[0m474} INFO[0m - 0 triggers currently running[0m
